{"/mnt/c/Users/riley/Desktop/loveandphotos/api/server.js": {"path":"/mnt/c/Users/riley/Desktop/loveandphotos/api/server.js","statementMap":{"0":{"start":{"line":9,"column":12},"end":{"line":9,"column":21}},"1":{"start":{"line":10,"column":13},"end":{"line":10,"column":37}},"2":{"start":{"line":13,"column":0},"end":{"line":16,"column":3}},"3":{"start":{"line":17,"column":0},"end":{"line":17,"column":23}},"4":{"start":{"line":18,"column":0},"end":{"line":18,"column":47}},"5":{"start":{"line":21,"column":0},"end":{"line":39,"column":2}},"6":{"start":{"line":22,"column":23},"end":{"line":26,"column":3}},"7":{"start":{"line":28,"column":2},"end":{"line":38,"column":4}},"8":{"start":{"line":42,"column":0},"end":{"line":101,"column":2}},"9":{"start":{"line":51,"column":6},"end":{"line":51,"column":14}},"10":{"start":{"line":53,"column":2},"end":{"line":53,"column":84}},"11":{"start":{"line":56,"column":2},"end":{"line":93,"column":3}},"12":{"start":{"line":57,"column":4},"end":{"line":92,"column":5}},"13":{"start":{"line":58,"column":21},"end":{"line":58,"column":53}},"14":{"start":{"line":59,"column":21},"end":{"line":59,"column":62}},"15":{"start":{"line":61,"column":22},"end":{"line":83,"column":8}},"16":{"start":{"line":85,"column":6},"end":{"line":88,"column":8}},"17":{"start":{"line":90,"column":6},"end":{"line":90,"column":43}},"18":{"start":{"line":91,"column":6},"end":{"line":91,"column":59}},"19":{"start":{"line":96,"column":24},"end":{"line":96,"column":52}},"20":{"start":{"line":97,"column":2},"end":{"line":100,"column":4}},"21":{"start":{"line":104,"column":0},"end":{"line":147,"column":2}},"22":{"start":{"line":105,"column":25},"end":{"line":105,"column":34}},"23":{"start":{"line":107,"column":2},"end":{"line":107,"column":58}},"24":{"start":{"line":110,"column":2},"end":{"line":122,"column":3}},"25":{"start":{"line":111,"column":4},"end":{"line":121,"column":6}},"26":{"start":{"line":125,"column":2},"end":{"line":144,"column":3}},"27":{"start":{"line":126,"column":4},"end":{"line":143,"column":5}},"28":{"start":{"line":127,"column":21},"end":{"line":127,"column":53}},"29":{"start":{"line":128,"column":21},"end":{"line":128,"column":62}},"30":{"start":{"line":130,"column":22},"end":{"line":130,"column":73}},"31":{"start":{"line":132,"column":6},"end":{"line":139,"column":8}},"32":{"start":{"line":141,"column":6},"end":{"line":141,"column":56}},"33":{"start":{"line":142,"column":6},"end":{"line":142,"column":59}},"34":{"start":{"line":146,"column":2},"end":{"line":146,"column":55}},"35":{"start":{"line":150,"column":0},"end":{"line":187,"column":2}},"36":{"start":{"line":151,"column":38},"end":{"line":151,"column":46}},"37":{"start":{"line":153,"column":2},"end":{"line":153,"column":53}},"38":{"start":{"line":156,"column":2},"end":{"line":179,"column":3}},"39":{"start":{"line":157,"column":4},"end":{"line":178,"column":5}},"40":{"start":{"line":158,"column":23},"end":{"line":171,"column":8}},"41":{"start":{"line":173,"column":19},"end":{"line":173,"column":40}},"42":{"start":{"line":174,"column":6},"end":{"line":174,"column":53}},"43":{"start":{"line":176,"column":6},"end":{"line":176,"column":47}},"44":{"start":{"line":177,"column":6},"end":{"line":177,"column":59}},"45":{"start":{"line":182,"column":2},"end":{"line":186,"column":4}},"46":{"start":{"line":190,"column":0},"end":{"line":198,"column":2}},"47":{"start":{"line":191,"column":47},"end":{"line":191,"column":55}},"48":{"start":{"line":193,"column":2},"end":{"line":193,"column":68}},"49":{"start":{"line":195,"column":2},"end":{"line":197,"column":4}},"50":{"start":{"line":201,"column":0},"end":{"line":209,"column":2}},"51":{"start":{"line":202,"column":2},"end":{"line":202,"column":36}},"52":{"start":{"line":204,"column":2},"end":{"line":208,"column":4}},"53":{"start":{"line":212,"column":0},"end":{"line":215,"column":2}},"54":{"start":{"line":213,"column":2},"end":{"line":213,"column":43}},"55":{"start":{"line":214,"column":2},"end":{"line":214,"column":30}},"56":{"start":{"line":218,"column":0},"end":{"line":232,"column":2}},"57":{"start":{"line":219,"column":2},"end":{"line":231,"column":4}},"58":{"start":{"line":235,"column":0},"end":{"line":242,"column":2}},"59":{"start":{"line":236,"column":2},"end":{"line":236,"column":37}},"60":{"start":{"line":237,"column":2},"end":{"line":241,"column":4}},"61":{"start":{"line":245,"column":0},"end":{"line":264,"column":2}},"62":{"start":{"line":246,"column":2},"end":{"line":263,"column":4}}},"fnMap":{"0":{"name":"(anonymous_0)","decl":{"start":{"line":21,"column":23},"end":{"line":21,"column":24}},"loc":{"start":{"line":21,"column":37},"end":{"line":39,"column":1}},"line":21},"1":{"name":"(anonymous_1)","decl":{"start":{"line":42,"column":41},"end":{"line":42,"column":42}},"loc":{"start":{"line":42,"column":61},"end":{"line":101,"column":1}},"line":42},"2":{"name":"(anonymous_2)","decl":{"start":{"line":104,"column":31},"end":{"line":104,"column":32}},"loc":{"start":{"line":104,"column":51},"end":{"line":147,"column":1}},"line":104},"3":{"name":"(anonymous_3)","decl":{"start":{"line":150,"column":28},"end":{"line":150,"column":29}},"loc":{"start":{"line":150,"column":48},"end":{"line":187,"column":1}},"line":150},"4":{"name":"(anonymous_4)","decl":{"start":{"line":190,"column":43},"end":{"line":190,"column":44}},"loc":{"start":{"line":190,"column":57},"end":{"line":198,"column":1}},"line":190},"5":{"name":"(anonymous_5)","decl":{"start":{"line":201,"column":24},"end":{"line":201,"column":25}},"loc":{"start":{"line":201,"column":38},"end":{"line":209,"column":1}},"line":201},"6":{"name":"(anonymous_6)","decl":{"start":{"line":212,"column":76},"end":{"line":212,"column":77}},"loc":{"start":{"line":212,"column":90},"end":{"line":215,"column":1}},"line":212},"7":{"name":"(anonymous_7)","decl":{"start":{"line":218,"column":8},"end":{"line":218,"column":9}},"loc":{"start":{"line":218,"column":22},"end":{"line":232,"column":1}},"line":218},"8":{"name":"(anonymous_8)","decl":{"start":{"line":235,"column":8},"end":{"line":235,"column":9}},"loc":{"start":{"line":235,"column":33},"end":{"line":242,"column":1}},"line":235},"9":{"name":"(anonymous_9)","decl":{"start":{"line":245,"column":17},"end":{"line":245,"column":18}},"loc":{"start":{"line":245,"column":23},"end":{"line":264,"column":1}},"line":245}},"branchMap":{"0":{"loc":{"start":{"line":10,"column":13},"end":{"line":10,"column":37}},"type":"binary-expr","locations":[{"start":{"line":10,"column":13},"end":{"line":10,"column":29}},{"start":{"line":10,"column":33},"end":{"line":10,"column":37}}],"line":10},"1":{"loc":{"start":{"line":23,"column":12},"end":{"line":23,"column":102}},"type":"binary-expr","locations":[{"start":{"line":23,"column":12},"end":{"line":23,"column":43}},{"start":{"line":23,"column":47},"end":{"line":23,"column":102}}],"line":23},"2":{"loc":{"start":{"line":31,"column":17},"end":{"line":31,"column":54}},"type":"binary-expr","locations":[{"start":{"line":31,"column":17},"end":{"line":31,"column":37}},{"start":{"line":31,"column":41},"end":{"line":31,"column":54}}],"line":31},"3":{"loc":{"start":{"line":34,"column":14},"end":{"line":34,"column":62}},"type":"cond-expr","locations":[{"start":{"line":34,"column":36},"end":{"line":34,"column":48}},{"start":{"line":34,"column":51},"end":{"line":34,"column":62}}],"line":34},"4":{"loc":{"start":{"line":35,"column":16},"end":{"line":35,"column":66}},"type":"cond-expr","locations":[{"start":{"line":35,"column":40},"end":{"line":35,"column":52}},{"start":{"line":35,"column":55},"end":{"line":35,"column":66}}],"line":35},"5":{"loc":{"start":{"line":36,"column":13},"end":{"line":36,"column":61}},"type":"cond-expr","locations":[{"start":{"line":36,"column":35},"end":{"line":36,"column":47}},{"start":{"line":36,"column":50},"end":{"line":36,"column":61}}],"line":36},"6":{"loc":{"start":{"line":56,"column":2},"end":{"line":93,"column":3}},"type":"if","locations":[{"start":{"line":56,"column":2},"end":{"line":93,"column":3}},{"start":{},"end":{}}],"line":56},"7":{"loc":{"start":{"line":56,"column":6},"end":{"line":56,"column":94}},"type":"binary-expr","locations":[{"start":{"line":56,"column":6},"end":{"line":56,"column":35}},{"start":{"line":56,"column":39},"end":{"line":56,"column":94}}],"line":56},"8":{"loc":{"start":{"line":75,"column":21},"end":{"line":75,"column":107}},"type":"binary-expr","locations":[{"start":{"line":75,"column":21},"end":{"line":75,"column":31}},{"start":{"line":75,"column":35},"end":{"line":75,"column":107}}],"line":75},"9":{"loc":{"start":{"line":76,"column":20},"end":{"line":76,"column":63}},"type":"binary-expr","locations":[{"start":{"line":76,"column":20},"end":{"line":76,"column":29}},{"start":{"line":76,"column":33},"end":{"line":76,"column":63}}],"line":76},"10":{"loc":{"start":{"line":110,"column":2},"end":{"line":122,"column":3}},"type":"if","locations":[{"start":{"line":110,"column":2},"end":{"line":122,"column":3}},{"start":{},"end":{}}],"line":110},"11":{"loc":{"start":{"line":125,"column":2},"end":{"line":144,"column":3}},"type":"if","locations":[{"start":{"line":125,"column":2},"end":{"line":144,"column":3}},{"start":{},"end":{}}],"line":125},"12":{"loc":{"start":{"line":125,"column":6},"end":{"line":125,"column":94}},"type":"binary-expr","locations":[{"start":{"line":125,"column":6},"end":{"line":125,"column":35}},{"start":{"line":125,"column":39},"end":{"line":125,"column":94}}],"line":125},"13":{"loc":{"start":{"line":156,"column":2},"end":{"line":179,"column":3}},"type":"if","locations":[{"start":{"line":156,"column":2},"end":{"line":179,"column":3}},{"start":{},"end":{}}],"line":156},"14":{"loc":{"start":{"line":156,"column":6},"end":{"line":156,"column":83}},"type":"binary-expr","locations":[{"start":{"line":156,"column":6},"end":{"line":156,"column":32}},{"start":{"line":156,"column":36},"end":{"line":156,"column":83}}],"line":156},"15":{"loc":{"start":{"line":196,"column":9},"end":{"line":196,"column":81}},"type":"binary-expr","locations":[{"start":{"line":196,"column":9},"end":{"line":196,"column":18}},{"start":{"line":196,"column":22},"end":{"line":196,"column":81}}],"line":196},"16":{"loc":{"start":{"line":240,"column":8},"end":{"line":240,"column":70}},"type":"binary-expr","locations":[{"start":{"line":240,"column":8},"end":{"line":240,"column":46}},{"start":{"line":240,"column":50},"end":{"line":240,"column":70}}],"line":240},"17":{"loc":{"start":{"line":252,"column":12},"end":{"line":252,"column":49}},"type":"binary-expr","locations":[{"start":{"line":252,"column":12},"end":{"line":252,"column":32}},{"start":{"line":252,"column":36},"end":{"line":252,"column":49}}],"line":252}},"s":{"0":0,"1":0,"2":0,"3":0,"4":0,"5":0,"6":0,"7":0,"8":0,"9":0,"10":0,"11":0,"12":0,"13":0,"14":0,"15":0,"16":0,"17":0,"18":0,"19":0,"20":0,"21":0,"22":0,"23":0,"24":0,"25":0,"26":0,"27":0,"28":0,"29":0,"30":0,"31":0,"32":0,"33":0,"34":0,"35":0,"36":0,"37":0,"38":0,"39":0,"40":0,"41":0,"42":0,"43":0,"44":0,"45":0,"46":0,"47":0,"48":0,"49":0,"50":0,"51":0,"52":0,"53":0,"54":0,"55":0,"56":0,"57":0,"58":0,"59":0,"60":0,"61":0,"62":0},"f":{"0":0,"1":0,"2":0,"3":0,"4":0,"5":0,"6":0,"7":0,"8":0,"9":0},"b":{"0":[0,0],"1":[0,0],"2":[0,0],"3":[0,0],"4":[0,0],"5":[0,0],"6":[0,0],"7":[0,0],"8":[0,0],"9":[0,0],"10":[0,0],"11":[0,0],"12":[0,0],"13":[0,0],"14":[0,0],"15":[0,0],"16":[0,0],"17":[0,0]}}
,"/mnt/c/Users/riley/Desktop/loveandphotos/api/stripe.js": {"path":"/mnt/c/Users/riley/Desktop/loveandphotos/api/stripe.js","statementMap":{"0":{"start":{"line":6,"column":15},"end":{"line":8,"column":2}},"1":{"start":{"line":12,"column":2},"end":{"line":14,"column":3}},"2":{"start":{"line":13,"column":4},"end":{"line":13,"column":64}},"3":{"start":{"line":27,"column":6},"end":{"line":27,"column":14}},"4":{"start":{"line":29,"column":2},"end":{"line":78,"column":3}},"5":{"start":{"line":30,"column":20},"end":{"line":69,"column":6}},"6":{"start":{"line":71,"column":4},"end":{"line":74,"column":6}},"7":{"start":{"line":76,"column":4},"end":{"line":76,"column":49}},"8":{"start":{"line":77,"column":4},"end":{"line":77,"column":50}},"9":{"start":{"line":83,"column":25},"end":{"line":83,"column":34}},"10":{"start":{"line":85,"column":2},"end":{"line":98,"column":3}},"11":{"start":{"line":86,"column":20},"end":{"line":88,"column":6}},"12":{"start":{"line":90,"column":4},"end":{"line":94,"column":6}},"13":{"start":{"line":96,"column":4},"end":{"line":96,"column":55}},"14":{"start":{"line":97,"column":4},"end":{"line":97,"column":50}},"15":{"start":{"line":103,"column":14},"end":{"line":103,"column":45}},"16":{"start":{"line":104,"column":24},"end":{"line":104,"column":57}},"17":{"start":{"line":108,"column":2},"end":{"line":117,"column":3}},"18":{"start":{"line":109,"column":4},"end":{"line":113,"column":5}},"19":{"start":{"line":115,"column":4},"end":{"line":115,"column":72}},"20":{"start":{"line":116,"column":4},"end":{"line":116,"column":75}},"21":{"start":{"line":120,"column":2},"end":{"line":139,"column":3}},"22":{"start":{"line":122,"column":22},"end":{"line":122,"column":39}},"23":{"start":{"line":124,"column":6},"end":{"line":128,"column":8}},"24":{"start":{"line":129,"column":6},"end":{"line":129,"column":11}},"25":{"start":{"line":132,"column":28},"end":{"line":132,"column":45}},"26":{"start":{"line":134,"column":6},"end":{"line":134,"column":83}},"27":{"start":{"line":135,"column":6},"end":{"line":135,"column":11}},"28":{"start":{"line":138,"column":6},"end":{"line":138,"column":55}},"29":{"start":{"line":141,"column":2},"end":{"line":141,"column":42}},"30":{"start":{"line":147,"column":27},"end":{"line":147,"column":59}},"31":{"start":{"line":149,"column":19},"end":{"line":152,"column":3}},"32":{"start":{"line":154,"column":20},"end":{"line":161,"column":24}},"33":{"start":{"line":163,"column":2},"end":{"line":166,"column":3}},"34":{"start":{"line":164,"column":4},"end":{"line":164,"column":58}},"35":{"start":{"line":165,"column":4},"end":{"line":165,"column":15}},"36":{"start":{"line":171,"column":2},"end":{"line":173,"column":3}},"37":{"start":{"line":172,"column":4},"end":{"line":172,"column":64}},"38":{"start":{"line":175,"column":36},"end":{"line":175,"column":44}},"39":{"start":{"line":177,"column":2},"end":{"line":192,"column":3}},"40":{"start":{"line":178,"column":20},"end":{"line":186,"column":6}},"41":{"start":{"line":188,"column":4},"end":{"line":188,"column":51}},"42":{"start":{"line":190,"column":4},"end":{"line":190,"column":59}},"43":{"start":{"line":191,"column":4},"end":{"line":191,"column":50}},"44":{"start":{"line":197,"column":2},"end":{"line":199,"column":3}},"45":{"start":{"line":198,"column":4},"end":{"line":198,"column":64}},"46":{"start":{"line":201,"column":47},"end":{"line":201,"column":55}},"47":{"start":{"line":203,"column":2},"end":{"line":215,"column":3}},"48":{"start":{"line":204,"column":24},"end":{"line":209,"column":6}},"49":{"start":{"line":211,"column":4},"end":{"line":211,"column":50}},"50":{"start":{"line":213,"column":4},"end":{"line":213,"column":59}},"51":{"start":{"line":214,"column":4},"end":{"line":214,"column":50}}},"fnMap":{"0":{"name":"createCheckoutSession","decl":{"start":{"line":11,"column":22},"end":{"line":11,"column":43}},"loc":{"start":{"line":11,"column":54},"end":{"line":79,"column":1}},"line":11},"1":{"name":"verifyPayment","decl":{"start":{"line":82,"column":22},"end":{"line":82,"column":35}},"loc":{"start":{"line":82,"column":46},"end":{"line":99,"column":1}},"line":82},"2":{"name":"handleStripeWebhook","decl":{"start":{"line":102,"column":22},"end":{"line":102,"column":41}},"loc":{"start":{"line":102,"column":52},"end":{"line":142,"column":1}},"line":102},"3":{"name":"updateBookingStatus","decl":{"start":{"line":145,"column":15},"end":{"line":145,"column":34}},"loc":{"start":{"line":145,"column":75},"end":{"line":167,"column":1}},"line":145},"4":{"name":"createConnectAccount","decl":{"start":{"line":170,"column":22},"end":{"line":170,"column":42}},"loc":{"start":{"line":170,"column":53},"end":{"line":193,"column":1}},"line":170},"5":{"name":"createConnectOnboarding","decl":{"start":{"line":196,"column":22},"end":{"line":196,"column":45}},"loc":{"start":{"line":196,"column":56},"end":{"line":216,"column":1}},"line":196}},"branchMap":{"0":{"loc":{"start":{"line":12,"column":2},"end":{"line":14,"column":3}},"type":"if","locations":[{"start":{"line":12,"column":2},"end":{"line":14,"column":3}},{"start":{},"end":{}}],"line":12},"1":{"loc":{"start":{"line":50,"column":12},"end":{"line":50,"column":61}},"type":"cond-expr","locations":[{"start":{"line":50,"column":40},"end":{"line":50,"column":49}},{"start":{"line":50,"column":52},"end":{"line":50,"column":61}}],"line":50},"2":{"loc":{"start":{"line":120,"column":2},"end":{"line":139,"column":3}},"type":"switch","locations":[{"start":{"line":121,"column":4},"end":{"line":129,"column":11}},{"start":{"line":131,"column":4},"end":{"line":135,"column":11}},{"start":{"line":137,"column":4},"end":{"line":138,"column":55}}],"line":120},"3":{"loc":{"start":{"line":145,"column":54},"end":{"line":145,"column":73}},"type":"default-arg","locations":[{"start":{"line":145,"column":71},"end":{"line":145,"column":73}}],"line":145},"4":{"loc":{"start":{"line":163,"column":2},"end":{"line":166,"column":3}},"type":"if","locations":[{"start":{"line":163,"column":2},"end":{"line":166,"column":3}},{"start":{},"end":{}}],"line":163},"5":{"loc":{"start":{"line":171,"column":2},"end":{"line":173,"column":3}},"type":"if","locations":[{"start":{"line":171,"column":2},"end":{"line":173,"column":3}},{"start":{},"end":{}}],"line":171},"6":{"loc":{"start":{"line":175,"column":17},"end":{"line":175,"column":31}},"type":"default-arg","locations":[{"start":{"line":175,"column":27},"end":{"line":175,"column":31}}],"line":175},"7":{"loc":{"start":{"line":197,"column":2},"end":{"line":199,"column":3}},"type":"if","locations":[{"start":{"line":197,"column":2},"end":{"line":199,"column":3}},{"start":{},"end":{}}],"line":197}},"s":{"0":0,"1":0,"2":0,"3":0,"4":0,"5":0,"6":0,"7":0,"8":0,"9":0,"10":0,"11":0,"12":0,"13":0,"14":0,"15":0,"16":0,"17":0,"18":0,"19":0,"20":0,"21":0,"22":0,"23":0,"24":0,"25":0,"26":0,"27":0,"28":0,"29":0,"30":0,"31":0,"32":0,"33":0,"34":0,"35":0,"36":0,"37":0,"38":0,"39":0,"40":0,"41":0,"42":0,"43":0,"44":0,"45":0,"46":0,"47":0,"48":0,"49":0,"50":0,"51":0},"f":{"0":0,"1":0,"2":0,"3":0,"4":0,"5":0},"b":{"0":[0,0],"1":[0,0],"2":[0,0,0],"3":[0],"4":[0,0],"5":[0,0],"6":[0],"7":[0,0]}}
,"/mnt/c/Users/riley/Desktop/loveandphotos/src/components/ScrollToTop.jsx": {"path":"/mnt/c/Users/riley/Desktop/loveandphotos/src/components/ScrollToTop.jsx","statementMap":{"0":{"start":{"line":4,"column":20},"end":{"line":13,"column":1}},"1":{"start":{"line":5,"column":23},"end":{"line":5,"column":36}},"2":{"start":{"line":7,"column":2},"end":{"line":10,"column":16}},"3":{"start":{"line":9,"column":4},"end":{"line":9,"column":25}},"4":{"start":{"line":12,"column":2},"end":{"line":12,"column":13}}},"fnMap":{"0":{"name":"(anonymous_0)","decl":{"start":{"line":4,"column":20},"end":{"line":4,"column":21}},"loc":{"start":{"line":4,"column":26},"end":{"line":13,"column":1}},"line":4},"1":{"name":"(anonymous_1)","decl":{"start":{"line":7,"column":12},"end":{"line":7,"column":13}},"loc":{"start":{"line":7,"column":18},"end":{"line":10,"column":3}},"line":7}},"branchMap":{},"s":{"0":0,"1":0,"2":0,"3":0,"4":0},"f":{"0":0,"1":0},"b":{}}
,"/mnt/c/Users/riley/Desktop/loveandphotos/src/data/zipCodes.js": {"path":"/mnt/c/Users/riley/Desktop/loveandphotos/src/data/zipCodes.js","statementMap":{"0":{"start":{"line":3,"column":30},"end":{"line":167,"column":44}},"1":{"start":{"line":167,"column":17},"end":{"line":167,"column":43}},"2":{"start":{"line":170,"column":30},"end":{"line":183,"column":1}},"3":{"start":{"line":171,"column":2},"end":{"line":171,"column":44}},"4":{"start":{"line":171,"column":34},"end":{"line":171,"column":44}},"5":{"start":{"line":173,"column":21},"end":{"line":173,"column":40}},"6":{"start":{"line":176,"column":18},"end":{"line":179,"column":3}},"7":{"start":{"line":177,"column":4},"end":{"line":178,"column":48}},"8":{"start":{"line":182,"column":2},"end":{"line":182,"column":30}}},"fnMap":{"0":{"name":"(anonymous_0)","decl":{"start":{"line":167,"column":7},"end":{"line":167,"column":8}},"loc":{"start":{"line":167,"column":17},"end":{"line":167,"column":43}},"line":167},"1":{"name":"(anonymous_1)","decl":{"start":{"line":170,"column":30},"end":{"line":170,"column":31}},"loc":{"start":{"line":170,"column":41},"end":{"line":183,"column":1}},"line":170},"2":{"name":"(anonymous_2)","decl":{"start":{"line":176,"column":40},"end":{"line":176,"column":41}},"loc":{"start":{"line":177,"column":4},"end":{"line":178,"column":48}},"line":177}},"branchMap":{"0":{"loc":{"start":{"line":171,"column":2},"end":{"line":171,"column":44}},"type":"if","locations":[{"start":{"line":171,"column":2},"end":{"line":171,"column":44}},{"start":{},"end":{}}],"line":171},"1":{"loc":{"start":{"line":171,"column":6},"end":{"line":171,"column":32}},"type":"binary-expr","locations":[{"start":{"line":171,"column":6},"end":{"line":171,"column":12}},{"start":{"line":171,"column":16},"end":{"line":171,"column":32}}],"line":171},"2":{"loc":{"start":{"line":177,"column":4},"end":{"line":178,"column":48}},"type":"binary-expr","locations":[{"start":{"line":177,"column":4},"end":{"line":177,"column":30}},{"start":{"line":178,"column":4},"end":{"line":178,"column":48}}],"line":177}},"s":{"0":0,"1":0,"2":0,"3":0,"4":0,"5":0,"6":0,"7":0,"8":0},"f":{"0":0,"1":0,"2":0},"b":{"0":[0,0],"1":[0,0],"2":[0,0]}}
,"/mnt/c/Users/riley/Desktop/loveandphotos/src/hooks/useFullZipDatabase.js": {"path":"/mnt/c/Users/riley/Desktop/loveandphotos/src/hooks/useFullZipDatabase.js","statementMap":{"0":{"start":{"line":3,"column":34},"end":{"line":151,"column":1}},"1":{"start":{"line":4,"column":34},"end":{"line":4,"column":48}},"2":{"start":{"line":5,"column":44},"end":{"line":5,"column":58}},"3":{"start":{"line":6,"column":32},"end":{"line":6,"column":47}},"4":{"start":{"line":7,"column":28},"end":{"line":7,"column":42}},"5":{"start":{"line":10,"column":2},"end":{"line":23,"column":9}},"6":{"start":{"line":11,"column":30},"end":{"line":21,"column":5}},"7":{"start":{"line":12,"column":6},"end":{"line":20,"column":7}},"8":{"start":{"line":13,"column":25},"end":{"line":13,"column":63}},"9":{"start":{"line":14,"column":8},"end":{"line":17,"column":9}},"10":{"start":{"line":15,"column":23},"end":{"line":15,"column":44}},"11":{"start":{"line":16,"column":10},"end":{"line":16,"column":33}},"12":{"start":{"line":19,"column":8},"end":{"line":19,"column":61}},"13":{"start":{"line":22,"column":4},"end":{"line":22,"column":24}},"14":{"start":{"line":26,"column":27},"end":{"line":47,"column":16}},"15":{"start":{"line":27,"column":4},"end":{"line":27,"column":34}},"16":{"start":{"line":27,"column":18},"end":{"line":27,"column":34}},"17":{"start":{"line":29,"column":4},"end":{"line":29,"column":21}},"18":{"start":{"line":30,"column":4},"end":{"line":30,"column":19}},"19":{"start":{"line":32,"column":4},"end":{"line":46,"column":5}},"20":{"start":{"line":33,"column":23},"end":{"line":33,"column":55}},"21":{"start":{"line":34,"column":6},"end":{"line":34,"column":71}},"22":{"start":{"line":34,"column":24},"end":{"line":34,"column":71}},"23":{"start":{"line":36,"column":19},"end":{"line":36,"column":40}},"24":{"start":{"line":37,"column":6},"end":{"line":37,"column":24}},"25":{"start":{"line":38,"column":6},"end":{"line":38,"column":53}},"26":{"start":{"line":39,"column":6},"end":{"line":39,"column":18}},"27":{"start":{"line":41,"column":6},"end":{"line":41,"column":58}},"28":{"start":{"line":42,"column":6},"end":{"line":42,"column":28}},"29":{"start":{"line":43,"column":6},"end":{"line":43,"column":18}},"30":{"start":{"line":45,"column":6},"end":{"line":45,"column":24}},"31":{"start":{"line":49,"column":25},"end":{"line":122,"column":49}},"32":{"start":{"line":50,"column":4},"end":{"line":50,"column":46}},"33":{"start":{"line":50,"column":36},"end":{"line":50,"column":46}},"34":{"start":{"line":52,"column":23},"end":{"line":52,"column":42}},"35":{"start":{"line":53,"column":22},"end":{"line":53,"column":41}},"36":{"start":{"line":56,"column":4},"end":{"line":67,"column":5}},"37":{"start":{"line":57,"column":22},"end":{"line":64,"column":21}},"38":{"start":{"line":58,"column":8},"end":{"line":63,"column":9}},"39":{"start":{"line":59,"column":10},"end":{"line":59,"column":44}},"40":{"start":{"line":61,"column":10},"end":{"line":62,"column":62}},"41":{"start":{"line":66,"column":6},"end":{"line":66,"column":45}},"42":{"start":{"line":66,"column":30},"end":{"line":66,"column":45}},"43":{"start":{"line":70,"column":15},"end":{"line":70,"column":23}},"44":{"start":{"line":71,"column":4},"end":{"line":74,"column":5}},"45":{"start":{"line":72,"column":6},"end":{"line":72,"column":38}},"46":{"start":{"line":73,"column":6},"end":{"line":73,"column":27}},"47":{"start":{"line":73,"column":17},"end":{"line":73,"column":27}},"48":{"start":{"line":77,"column":18},"end":{"line":77,"column":20}},"49":{"start":{"line":79,"column":4},"end":{"line":118,"column":5}},"50":{"start":{"line":81,"column":6},"end":{"line":81,"column":64}},"51":{"start":{"line":81,"column":36},"end":{"line":81,"column":62}},"52":{"start":{"line":84,"column":26},"end":{"line":87,"column":7}},"53":{"start":{"line":85,"column":8},"end":{"line":86,"column":52}},"54":{"start":{"line":90,"column":27},"end":{"line":90,"column":36}},"55":{"start":{"line":91,"column":6},"end":{"line":106,"column":9}},"56":{"start":{"line":92,"column":20},"end":{"line":92,"column":49}},"57":{"start":{"line":93,"column":8},"end":{"line":100,"column":9}},"58":{"start":{"line":94,"column":10},"end":{"line":99,"column":13}},"59":{"start":{"line":101,"column":8},"end":{"line":101,"column":53}},"60":{"start":{"line":103,"column":8},"end":{"line":105,"column":9}},"61":{"start":{"line":104,"column":10},"end":{"line":104,"column":61}},"62":{"start":{"line":108,"column":6},"end":{"line":108,"column":50}},"63":{"start":{"line":111,"column":6},"end":{"line":117,"column":9}},"64":{"start":{"line":112,"column":28},"end":{"line":112,"column":71}},"65":{"start":{"line":113,"column":28},"end":{"line":113,"column":71}},"66":{"start":{"line":114,"column":8},"end":{"line":114,"column":51}},"67":{"start":{"line":114,"column":41},"end":{"line":114,"column":51}},"68":{"start":{"line":115,"column":8},"end":{"line":115,"column":50}},"69":{"start":{"line":115,"column":41},"end":{"line":115,"column":50}},"70":{"start":{"line":116,"column":8},"end":{"line":116,"column":43}},"71":{"start":{"line":121,"column":4},"end":{"line":121,"column":32}},"72":{"start":{"line":125,"column":26},"end":{"line":142,"column":49}},"73":{"start":{"line":126,"column":4},"end":{"line":126,"column":42}},"74":{"start":{"line":126,"column":30},"end":{"line":126,"column":42}},"75":{"start":{"line":129,"column":4},"end":{"line":132,"column":5}},"76":{"start":{"line":130,"column":20},"end":{"line":130,"column":64}},"77":{"start":{"line":130,"column":47},"end":{"line":130,"column":63}},"78":{"start":{"line":131,"column":6},"end":{"line":131,"column":30}},"79":{"start":{"line":131,"column":17},"end":{"line":131,"column":30}},"80":{"start":{"line":135,"column":15},"end":{"line":135,"column":23}},"81":{"start":{"line":136,"column":4},"end":{"line":139,"column":5}},"82":{"start":{"line":137,"column":6},"end":{"line":137,"column":38}},"83":{"start":{"line":138,"column":6},"end":{"line":138,"column":29}},"84":{"start":{"line":138,"column":17},"end":{"line":138,"column":29}},"85":{"start":{"line":141,"column":4},"end":{"line":141,"column":47}},"86":{"start":{"line":141,"column":29},"end":{"line":141,"column":45}},"87":{"start":{"line":144,"column":2},"end":{"line":150,"column":4}}},"fnMap":{"0":{"name":"(anonymous_0)","decl":{"start":{"line":3,"column":34},"end":{"line":3,"column":35}},"loc":{"start":{"line":3,"column":40},"end":{"line":151,"column":1}},"line":3},"1":{"name":"(anonymous_1)","decl":{"start":{"line":10,"column":12},"end":{"line":10,"column":13}},"loc":{"start":{"line":10,"column":18},"end":{"line":23,"column":3}},"line":10},"2":{"name":"(anonymous_2)","decl":{"start":{"line":11,"column":30},"end":{"line":11,"column":31}},"loc":{"start":{"line":11,"column":42},"end":{"line":21,"column":5}},"line":11},"3":{"name":"(anonymous_3)","decl":{"start":{"line":26,"column":39},"end":{"line":26,"column":40}},"loc":{"start":{"line":26,"column":51},"end":{"line":47,"column":3}},"line":26},"4":{"name":"(anonymous_4)","decl":{"start":{"line":49,"column":37},"end":{"line":49,"column":38}},"loc":{"start":{"line":49,"column":54},"end":{"line":122,"column":3}},"line":49},"5":{"name":"(anonymous_5)","decl":{"start":{"line":57,"column":43},"end":{"line":57,"column":44}},"loc":{"start":{"line":57,"column":51},"end":{"line":64,"column":7}},"line":57},"6":{"name":"(anonymous_6)","decl":{"start":{"line":81,"column":28},"end":{"line":81,"column":29}},"loc":{"start":{"line":81,"column":36},"end":{"line":81,"column":62}},"line":81},"7":{"name":"(anonymous_7)","decl":{"start":{"line":84,"column":38},"end":{"line":84,"column":39}},"loc":{"start":{"line":85,"column":8},"end":{"line":86,"column":52}},"line":85},"8":{"name":"(anonymous_8)","decl":{"start":{"line":91,"column":26},"end":{"line":91,"column":27}},"loc":{"start":{"line":91,"column":34},"end":{"line":106,"column":7}},"line":91},"9":{"name":"(anonymous_9)","decl":{"start":{"line":111,"column":19},"end":{"line":111,"column":20}},"loc":{"start":{"line":111,"column":29},"end":{"line":117,"column":7}},"line":111},"10":{"name":"(anonymous_10)","decl":{"start":{"line":125,"column":38},"end":{"line":125,"column":39}},"loc":{"start":{"line":125,"column":53},"end":{"line":142,"column":3}},"line":125},"11":{"name":"(anonymous_11)","decl":{"start":{"line":130,"column":39},"end":{"line":130,"column":40}},"loc":{"start":{"line":130,"column":47},"end":{"line":130,"column":63}},"line":130},"12":{"name":"(anonymous_12)","decl":{"start":{"line":141,"column":21},"end":{"line":141,"column":22}},"loc":{"start":{"line":141,"column":29},"end":{"line":141,"column":45}},"line":141}},"branchMap":{"0":{"loc":{"start":{"line":14,"column":8},"end":{"line":17,"column":9}},"type":"if","locations":[{"start":{"line":14,"column":8},"end":{"line":17,"column":9}},{"start":{},"end":{}}],"line":14},"1":{"loc":{"start":{"line":27,"column":4},"end":{"line":27,"column":34}},"type":"if","locations":[{"start":{"line":27,"column":4},"end":{"line":27,"column":34}},{"start":{},"end":{}}],"line":27},"2":{"loc":{"start":{"line":34,"column":6},"end":{"line":34,"column":71}},"type":"if","locations":[{"start":{"line":34,"column":6},"end":{"line":34,"column":71}},{"start":{},"end":{}}],"line":34},"3":{"loc":{"start":{"line":50,"column":4},"end":{"line":50,"column":46}},"type":"if","locations":[{"start":{"line":50,"column":4},"end":{"line":50,"column":46}},{"start":{},"end":{}}],"line":50},"4":{"loc":{"start":{"line":50,"column":8},"end":{"line":50,"column":34}},"type":"binary-expr","locations":[{"start":{"line":50,"column":8},"end":{"line":50,"column":14}},{"start":{"line":50,"column":18},"end":{"line":50,"column":34}}],"line":50},"5":{"loc":{"start":{"line":56,"column":4},"end":{"line":67,"column":5}},"type":"if","locations":[{"start":{"line":56,"column":4},"end":{"line":67,"column":5}},{"start":{},"end":{}}],"line":56},"6":{"loc":{"start":{"line":56,"column":8},"end":{"line":56,"column":42}},"type":"binary-expr","locations":[{"start":{"line":56,"column":8},"end":{"line":56,"column":25}},{"start":{"line":56,"column":29},"end":{"line":56,"column":42}}],"line":56},"7":{"loc":{"start":{"line":58,"column":8},"end":{"line":63,"column":9}},"type":"if","locations":[{"start":{"line":58,"column":8},"end":{"line":63,"column":9}},{"start":{"line":60,"column":15},"end":{"line":63,"column":9}}],"line":58},"8":{"loc":{"start":{"line":61,"column":17},"end":{"line":62,"column":61}},"type":"binary-expr","locations":[{"start":{"line":61,"column":17},"end":{"line":61,"column":63}},{"start":{"line":62,"column":17},"end":{"line":62,"column":61}}],"line":61},"9":{"loc":{"start":{"line":66,"column":6},"end":{"line":66,"column":45}},"type":"if","locations":[{"start":{"line":66,"column":6},"end":{"line":66,"column":45}},{"start":{},"end":{}}],"line":66},"10":{"loc":{"start":{"line":71,"column":4},"end":{"line":74,"column":5}},"type":"if","locations":[{"start":{"line":71,"column":4},"end":{"line":74,"column":5}},{"start":{},"end":{}}],"line":71},"11":{"loc":{"start":{"line":73,"column":6},"end":{"line":73,"column":27}},"type":"if","locations":[{"start":{"line":73,"column":6},"end":{"line":73,"column":27}},{"start":{},"end":{}}],"line":73},"12":{"loc":{"start":{"line":79,"column":4},"end":{"line":118,"column":5}},"type":"if","locations":[{"start":{"line":79,"column":4},"end":{"line":118,"column":5}},{"start":{"line":82,"column":11},"end":{"line":118,"column":5}}],"line":79},"13":{"loc":{"start":{"line":85,"column":8},"end":{"line":86,"column":52}},"type":"binary-expr","locations":[{"start":{"line":85,"column":8},"end":{"line":85,"column":54}},{"start":{"line":86,"column":8},"end":{"line":86,"column":52}}],"line":85},"14":{"loc":{"start":{"line":93,"column":8},"end":{"line":100,"column":9}},"type":"if","locations":[{"start":{"line":93,"column":8},"end":{"line":100,"column":9}},{"start":{},"end":{}}],"line":93},"15":{"loc":{"start":{"line":103,"column":8},"end":{"line":105,"column":9}},"type":"if","locations":[{"start":{"line":103,"column":8},"end":{"line":105,"column":9}},{"start":{},"end":{}}],"line":103},"16":{"loc":{"start":{"line":114,"column":8},"end":{"line":114,"column":51}},"type":"if","locations":[{"start":{"line":114,"column":8},"end":{"line":114,"column":51}},{"start":{},"end":{}}],"line":114},"17":{"loc":{"start":{"line":114,"column":12},"end":{"line":114,"column":39}},"type":"binary-expr","locations":[{"start":{"line":114,"column":12},"end":{"line":114,"column":23}},{"start":{"line":114,"column":27},"end":{"line":114,"column":39}}],"line":114},"18":{"loc":{"start":{"line":115,"column":8},"end":{"line":115,"column":50}},"type":"if","locations":[{"start":{"line":115,"column":8},"end":{"line":115,"column":50}},{"start":{},"end":{}}],"line":115},"19":{"loc":{"start":{"line":115,"column":12},"end":{"line":115,"column":39}},"type":"binary-expr","locations":[{"start":{"line":115,"column":12},"end":{"line":115,"column":24}},{"start":{"line":115,"column":28},"end":{"line":115,"column":39}}],"line":115},"20":{"loc":{"start":{"line":126,"column":4},"end":{"line":126,"column":42}},"type":"if","locations":[{"start":{"line":126,"column":4},"end":{"line":126,"column":42}},{"start":{},"end":{}}],"line":126},"21":{"loc":{"start":{"line":129,"column":4},"end":{"line":132,"column":5}},"type":"if","locations":[{"start":{"line":129,"column":4},"end":{"line":132,"column":5}},{"start":{},"end":{}}],"line":129},"22":{"loc":{"start":{"line":131,"column":6},"end":{"line":131,"column":30}},"type":"if","locations":[{"start":{"line":131,"column":6},"end":{"line":131,"column":30}},{"start":{},"end":{}}],"line":131},"23":{"loc":{"start":{"line":136,"column":4},"end":{"line":139,"column":5}},"type":"if","locations":[{"start":{"line":136,"column":4},"end":{"line":139,"column":5}},{"start":{},"end":{}}],"line":136},"24":{"loc":{"start":{"line":138,"column":6},"end":{"line":138,"column":29}},"type":"if","locations":[{"start":{"line":138,"column":6},"end":{"line":138,"column":29}},{"start":{},"end":{}}],"line":138}},"s":{"0":0,"1":0,"2":0,"3":0,"4":0,"5":0,"6":0,"7":0,"8":0,"9":0,"10":0,"11":0,"12":0,"13":0,"14":0,"15":0,"16":0,"17":0,"18":0,"19":0,"20":0,"21":0,"22":0,"23":0,"24":0,"25":0,"26":0,"27":0,"28":0,"29":0,"30":0,"31":0,"32":0,"33":0,"34":0,"35":0,"36":0,"37":0,"38":0,"39":0,"40":0,"41":0,"42":0,"43":0,"44":0,"45":0,"46":0,"47":0,"48":0,"49":0,"50":0,"51":0,"52":0,"53":0,"54":0,"55":0,"56":0,"57":0,"58":0,"59":0,"60":0,"61":0,"62":0,"63":0,"64":0,"65":0,"66":0,"67":0,"68":0,"69":0,"70":0,"71":0,"72":0,"73":0,"74":0,"75":0,"76":0,"77":0,"78":0,"79":0,"80":0,"81":0,"82":0,"83":0,"84":0,"85":0,"86":0,"87":0},"f":{"0":0,"1":0,"2":0,"3":0,"4":0,"5":0,"6":0,"7":0,"8":0,"9":0,"10":0,"11":0,"12":0},"b":{"0":[0,0],"1":[0,0],"2":[0,0],"3":[0,0],"4":[0,0],"5":[0,0],"6":[0,0],"7":[0,0],"8":[0,0],"9":[0,0],"10":[0,0],"11":[0,0],"12":[0,0],"13":[0,0],"14":[0,0],"15":[0,0],"16":[0,0],"17":[0,0],"18":[0,0],"19":[0,0],"20":[0,0],"21":[0,0],"22":[0,0],"23":[0,0],"24":[0,0]}}
,"/mnt/c/Users/riley/Desktop/loveandphotos/src/hooks/useZipCodeAPI.js": {"path":"/mnt/c/Users/riley/Desktop/loveandphotos/src/hooks/useZipCodeAPI.js","statementMap":{"0":{"start":{"line":4,"column":29},"end":{"line":36,"column":1}},"1":{"start":{"line":5,"column":32},"end":{"line":5,"column":47}},"2":{"start":{"line":7,"column":24},"end":{"line":33,"column":8}},"3":{"start":{"line":8,"column":4},"end":{"line":8,"column":46}},"4":{"start":{"line":8,"column":36},"end":{"line":8,"column":46}},"5":{"start":{"line":10,"column":4},"end":{"line":10,"column":21}},"6":{"start":{"line":11,"column":4},"end":{"line":32,"column":5}},"7":{"start":{"line":13,"column":6},"end":{"line":25,"column":7}},"8":{"start":{"line":14,"column":25},"end":{"line":14,"column":77}},"9":{"start":{"line":15,"column":8},"end":{"line":24,"column":9}},"10":{"start":{"line":16,"column":23},"end":{"line":16,"column":44}},"11":{"start":{"line":17,"column":10},"end":{"line":23,"column":13}},"12":{"start":{"line":26,"column":6},"end":{"line":26,"column":16}},"13":{"start":{"line":28,"column":6},"end":{"line":28,"column":50}},"14":{"start":{"line":29,"column":6},"end":{"line":29,"column":16}},"15":{"start":{"line":31,"column":6},"end":{"line":31,"column":24}},"16":{"start":{"line":35,"column":2},"end":{"line":35,"column":36}},"17":{"start":{"line":39,"column":36},"end":{"line":81,"column":1}},"18":{"start":{"line":40,"column":32},"end":{"line":40,"column":47}},"19":{"start":{"line":44,"column":18},"end":{"line":44,"column":57}},"20":{"start":{"line":46,"column":24},"end":{"line":78,"column":15}},"21":{"start":{"line":47,"column":4},"end":{"line":47,"column":58}},"22":{"start":{"line":47,"column":48},"end":{"line":47,"column":58}},"23":{"start":{"line":49,"column":4},"end":{"line":49,"column":21}},"24":{"start":{"line":50,"column":4},"end":{"line":77,"column":5}},"25":{"start":{"line":51,"column":23},"end":{"line":59,"column":7}},"26":{"start":{"line":61,"column":6},"end":{"line":70,"column":7}},"27":{"start":{"line":62,"column":21},"end":{"line":62,"column":42}},"28":{"start":{"line":63,"column":8},"end":{"line":69,"column":11}},"29":{"start":{"line":71,"column":6},"end":{"line":71,"column":16}},"30":{"start":{"line":73,"column":6},"end":{"line":73,"column":50}},"31":{"start":{"line":74,"column":6},"end":{"line":74,"column":16}},"32":{"start":{"line":76,"column":6},"end":{"line":76,"column":24}},"33":{"start":{"line":80,"column":2},"end":{"line":80,"column":36}},"34":{"start":{"line":85,"column":35},"end":{"line":129,"column":1}},"35":{"start":{"line":86,"column":34},"end":{"line":86,"column":48}},"36":{"start":{"line":87,"column":32},"end":{"line":87,"column":47}},"37":{"start":{"line":90,"column":23},"end":{"line":106,"column":16}},"38":{"start":{"line":91,"column":4},"end":{"line":91,"column":34}},"39":{"start":{"line":91,"column":18},"end":{"line":91,"column":34}},"40":{"start":{"line":93,"column":4},"end":{"line":93,"column":21}},"41":{"start":{"line":94,"column":4},"end":{"line":105,"column":5}},"42":{"start":{"line":96,"column":23},"end":{"line":96,"column":55}},"43":{"start":{"line":97,"column":19},"end":{"line":97,"column":40}},"44":{"start":{"line":98,"column":6},"end":{"line":98,"column":24}},"45":{"start":{"line":99,"column":6},"end":{"line":99,"column":18}},"46":{"start":{"line":101,"column":6},"end":{"line":101,"column":59}},"47":{"start":{"line":102,"column":6},"end":{"line":102,"column":18}},"48":{"start":{"line":104,"column":6},"end":{"line":104,"column":24}},"49":{"start":{"line":108,"column":24},"end":{"line":126,"column":30}},"50":{"start":{"line":109,"column":4},"end":{"line":109,"column":46}},"51":{"start":{"line":109,"column":36},"end":{"line":109,"column":46}},"52":{"start":{"line":111,"column":15},"end":{"line":111,"column":23}},"53":{"start":{"line":112,"column":4},"end":{"line":115,"column":5}},"54":{"start":{"line":113,"column":6},"end":{"line":113,"column":34}},"55":{"start":{"line":114,"column":6},"end":{"line":114,"column":27}},"56":{"start":{"line":114,"column":17},"end":{"line":114,"column":27}},"57":{"start":{"line":117,"column":23},"end":{"line":117,"column":42}},"58":{"start":{"line":120,"column":20},"end":{"line":123,"column":18}},"59":{"start":{"line":121,"column":6},"end":{"line":122,"column":50}},"60":{"start":{"line":125,"column":4},"end":{"line":125,"column":19}},"61":{"start":{"line":128,"column":2},"end":{"line":128,"column":36}}},"fnMap":{"0":{"name":"(anonymous_0)","decl":{"start":{"line":4,"column":29},"end":{"line":4,"column":30}},"loc":{"start":{"line":4,"column":35},"end":{"line":36,"column":1}},"line":4},"1":{"name":"(anonymous_1)","decl":{"start":{"line":7,"column":36},"end":{"line":7,"column":37}},"loc":{"start":{"line":7,"column":53},"end":{"line":33,"column":3}},"line":7},"2":{"name":"(anonymous_2)","decl":{"start":{"line":39,"column":36},"end":{"line":39,"column":37}},"loc":{"start":{"line":39,"column":42},"end":{"line":81,"column":1}},"line":39},"3":{"name":"(anonymous_3)","decl":{"start":{"line":46,"column":36},"end":{"line":46,"column":37}},"loc":{"start":{"line":46,"column":53},"end":{"line":78,"column":3}},"line":46},"4":{"name":"(anonymous_4)","decl":{"start":{"line":85,"column":35},"end":{"line":85,"column":36}},"loc":{"start":{"line":85,"column":41},"end":{"line":129,"column":1}},"line":85},"5":{"name":"(anonymous_5)","decl":{"start":{"line":90,"column":35},"end":{"line":90,"column":36}},"loc":{"start":{"line":90,"column":47},"end":{"line":106,"column":3}},"line":90},"6":{"name":"(anonymous_6)","decl":{"start":{"line":108,"column":36},"end":{"line":108,"column":37}},"loc":{"start":{"line":108,"column":53},"end":{"line":126,"column":3}},"line":108},"7":{"name":"(anonymous_7)","decl":{"start":{"line":120,"column":32},"end":{"line":120,"column":33}},"loc":{"start":{"line":121,"column":6},"end":{"line":122,"column":50}},"line":121}},"branchMap":{"0":{"loc":{"start":{"line":8,"column":4},"end":{"line":8,"column":46}},"type":"if","locations":[{"start":{"line":8,"column":4},"end":{"line":8,"column":46}},{"start":{},"end":{}}],"line":8},"1":{"loc":{"start":{"line":8,"column":8},"end":{"line":8,"column":34}},"type":"binary-expr","locations":[{"start":{"line":8,"column":8},"end":{"line":8,"column":14}},{"start":{"line":8,"column":18},"end":{"line":8,"column":34}}],"line":8},"2":{"loc":{"start":{"line":13,"column":6},"end":{"line":25,"column":7}},"type":"if","locations":[{"start":{"line":13,"column":6},"end":{"line":25,"column":7}},{"start":{},"end":{}}],"line":13},"3":{"loc":{"start":{"line":15,"column":8},"end":{"line":24,"column":9}},"type":"if","locations":[{"start":{"line":15,"column":8},"end":{"line":24,"column":9}},{"start":{},"end":{}}],"line":15},"4":{"loc":{"start":{"line":44,"column":18},"end":{"line":44,"column":57}},"type":"binary-expr","locations":[{"start":{"line":44,"column":18},"end":{"line":44,"column":51}},{"start":{"line":44,"column":55},"end":{"line":44,"column":57}}],"line":44},"5":{"loc":{"start":{"line":47,"column":4},"end":{"line":47,"column":58}},"type":"if","locations":[{"start":{"line":47,"column":4},"end":{"line":47,"column":58}},{"start":{},"end":{}}],"line":47},"6":{"loc":{"start":{"line":47,"column":8},"end":{"line":47,"column":46}},"type":"binary-expr","locations":[{"start":{"line":47,"column":8},"end":{"line":47,"column":14}},{"start":{"line":47,"column":18},"end":{"line":47,"column":34}},{"start":{"line":47,"column":38},"end":{"line":47,"column":46}}],"line":47},"7":{"loc":{"start":{"line":61,"column":6},"end":{"line":70,"column":7}},"type":"if","locations":[{"start":{"line":61,"column":6},"end":{"line":70,"column":7}},{"start":{},"end":{}}],"line":61},"8":{"loc":{"start":{"line":91,"column":4},"end":{"line":91,"column":34}},"type":"if","locations":[{"start":{"line":91,"column":4},"end":{"line":91,"column":34}},{"start":{},"end":{}}],"line":91},"9":{"loc":{"start":{"line":109,"column":4},"end":{"line":109,"column":46}},"type":"if","locations":[{"start":{"line":109,"column":4},"end":{"line":109,"column":46}},{"start":{},"end":{}}],"line":109},"10":{"loc":{"start":{"line":109,"column":8},"end":{"line":109,"column":34}},"type":"binary-expr","locations":[{"start":{"line":109,"column":8},"end":{"line":109,"column":14}},{"start":{"line":109,"column":18},"end":{"line":109,"column":34}}],"line":109},"11":{"loc":{"start":{"line":112,"column":4},"end":{"line":115,"column":5}},"type":"if","locations":[{"start":{"line":112,"column":4},"end":{"line":115,"column":5}},{"start":{},"end":{}}],"line":112},"12":{"loc":{"start":{"line":114,"column":6},"end":{"line":114,"column":27}},"type":"if","locations":[{"start":{"line":114,"column":6},"end":{"line":114,"column":27}},{"start":{},"end":{}}],"line":114},"13":{"loc":{"start":{"line":121,"column":6},"end":{"line":122,"column":50}},"type":"binary-expr","locations":[{"start":{"line":121,"column":6},"end":{"line":121,"column":32}},{"start":{"line":122,"column":6},"end":{"line":122,"column":50}}],"line":121}},"s":{"0":0,"1":0,"2":0,"3":0,"4":0,"5":0,"6":0,"7":0,"8":0,"9":0,"10":0,"11":0,"12":0,"13":0,"14":0,"15":0,"16":0,"17":0,"18":0,"19":0,"20":0,"21":0,"22":0,"23":0,"24":0,"25":0,"26":0,"27":0,"28":0,"29":0,"30":0,"31":0,"32":0,"33":0,"34":0,"35":0,"36":0,"37":0,"38":0,"39":0,"40":0,"41":0,"42":0,"43":0,"44":0,"45":0,"46":0,"47":0,"48":0,"49":0,"50":0,"51":0,"52":0,"53":0,"54":0,"55":0,"56":0,"57":0,"58":0,"59":0,"60":0,"61":0},"f":{"0":0,"1":0,"2":0,"3":0,"4":0,"5":0,"6":0,"7":0},"b":{"0":[0,0],"1":[0,0],"2":[0,0],"3":[0,0],"4":[0,0],"5":[0,0],"6":[0,0,0],"7":[0,0],"8":[0,0],"9":[0,0],"10":[0,0],"11":[0,0],"12":[0,0],"13":[0,0]}}
,"/mnt/c/Users/riley/Desktop/loveandphotos/src/lib/emailClient.js": {"path":"/mnt/c/Users/riley/Desktop/loveandphotos/src/lib/emailClient.js","statementMap":{"0":{"start":{"line":15,"column":37},"end":{"line":94,"column":1}},"1":{"start":{"line":16,"column":2},"end":{"line":93,"column":3}},"2":{"start":{"line":18,"column":51},"end":{"line":46,"column":15}},"3":{"start":{"line":48,"column":4},"end":{"line":48,"column":40}},"4":{"start":{"line":48,"column":22},"end":{"line":48,"column":40}},"5":{"start":{"line":51,"column":22},"end":{"line":61,"column":9}},"6":{"start":{"line":64,"column":25},"end":{"line":66,"column":42}},"7":{"start":{"line":69,"column":28},"end":{"line":76,"column":6}},"8":{"start":{"line":78,"column":4},"end":{"line":87,"column":5}},"9":{"start":{"line":79,"column":6},"end":{"line":79,"column":47}},"10":{"start":{"line":81,"column":6},"end":{"line":86,"column":8}},"11":{"start":{"line":89,"column":4},"end":{"line":89,"column":34}},"12":{"start":{"line":91,"column":4},"end":{"line":91,"column":61}},"13":{"start":{"line":92,"column":4},"end":{"line":92,"column":15}},"14":{"start":{"line":99,"column":30},"end":{"line":235,"column":1}},"15":{"start":{"line":100,"column":20},"end":{"line":100,"column":79}},"16":{"start":{"line":101,"column":22},"end":{"line":101,"column":49}},"17":{"start":{"line":102,"column":23},"end":{"line":102,"column":66}},"18":{"start":{"line":103,"column":18},"end":{"line":103,"column":75}},"19":{"start":{"line":105,"column":18},"end":{"line":105,"column":97}},"20":{"start":{"line":107,"column":15},"end":{"line":206,"column":3}},"21":{"start":{"line":208,"column":15},"end":{"line":232,"column":3}},"22":{"start":{"line":234,"column":2},"end":{"line":234,"column":32}},"23":{"start":{"line":240,"column":34},"end":{"line":351,"column":1}},"24":{"start":{"line":241,"column":20},"end":{"line":241,"column":79}},"25":{"start":{"line":242,"column":22},"end":{"line":242,"column":88}},"26":{"start":{"line":244,"column":18},"end":{"line":244,"column":85}},"27":{"start":{"line":246,"column":15},"end":{"line":322,"column":3}},"28":{"start":{"line":324,"column":15},"end":{"line":348,"column":3}},"29":{"start":{"line":350,"column":2},"end":{"line":350,"column":32}},"30":{"start":{"line":356,"column":27},"end":{"line":377,"column":1}},"31":{"start":{"line":357,"column":2},"end":{"line":376,"column":3}},"32":{"start":{"line":358,"column":22},"end":{"line":371,"column":8}},"33":{"start":{"line":373,"column":4},"end":{"line":373,"column":26}},"34":{"start":{"line":373,"column":15},"end":{"line":373,"column":26}},"35":{"start":{"line":375,"column":4},"end":{"line":375,"column":48}},"36":{"start":{"line":382,"column":40},"end":{"line":461,"column":1}},"37":{"start":{"line":383,"column":2},"end":{"line":460,"column":3}},"38":{"start":{"line":384,"column":37},"end":{"line":402,"column":15}},"39":{"start":{"line":404,"column":4},"end":{"line":404,"column":26}},"40":{"start":{"line":404,"column":15},"end":{"line":404,"column":26}},"41":{"start":{"line":406,"column":20},"end":{"line":406,"column":87}},"42":{"start":{"line":408,"column":17},"end":{"line":445,"column":5}},"43":{"start":{"line":447,"column":39},"end":{"line":453,"column":6}},"44":{"start":{"line":455,"column":4},"end":{"line":455,"column":34}},"45":{"start":{"line":455,"column":19},"end":{"line":455,"column":34}},"46":{"start":{"line":456,"column":4},"end":{"line":456,"column":28}},"47":{"start":{"line":458,"column":4},"end":{"line":458,"column":64}},"48":{"start":{"line":459,"column":4},"end":{"line":459,"column":15}}},"fnMap":{"0":{"name":"(anonymous_0)","decl":{"start":{"line":15,"column":37},"end":{"line":15,"column":38}},"loc":{"start":{"line":15,"column":77},"end":{"line":94,"column":1}},"line":15},"1":{"name":"(anonymous_1)","decl":{"start":{"line":99,"column":30},"end":{"line":99,"column":31}},"loc":{"start":{"line":99,"column":43},"end":{"line":235,"column":1}},"line":99},"2":{"name":"(anonymous_2)","decl":{"start":{"line":240,"column":34},"end":{"line":240,"column":35}},"loc":{"start":{"line":240,"column":47},"end":{"line":351,"column":1}},"line":240},"3":{"name":"(anonymous_3)","decl":{"start":{"line":356,"column":27},"end":{"line":356,"column":28}},"loc":{"start":{"line":356,"column":87},"end":{"line":377,"column":1}},"line":356},"4":{"name":"(anonymous_4)","decl":{"start":{"line":382,"column":40},"end":{"line":382,"column":41}},"loc":{"start":{"line":382,"column":96},"end":{"line":461,"column":1}},"line":382}},"branchMap":{"0":{"loc":{"start":{"line":48,"column":4},"end":{"line":48,"column":40}},"type":"if","locations":[{"start":{"line":48,"column":4},"end":{"line":48,"column":40}},{"start":{},"end":{}}],"line":48},"1":{"loc":{"start":{"line":51,"column":22},"end":{"line":61,"column":9}},"type":"cond-expr","locations":[{"start":{"line":52,"column":8},"end":{"line":56,"column":9}},{"start":{"line":57,"column":8},"end":{"line":61,"column":9}}],"line":51},"2":{"loc":{"start":{"line":64,"column":25},"end":{"line":66,"column":42}},"type":"cond-expr","locations":[{"start":{"line":65,"column":8},"end":{"line":65,"column":38}},{"start":{"line":66,"column":8},"end":{"line":66,"column":42}}],"line":64},"3":{"loc":{"start":{"line":78,"column":4},"end":{"line":87,"column":5}},"type":"if","locations":[{"start":{"line":78,"column":4},"end":{"line":87,"column":5}},{"start":{},"end":{}}],"line":78},"4":{"loc":{"start":{"line":101,"column":22},"end":{"line":101,"column":49}},"type":"binary-expr","locations":[{"start":{"line":101,"column":22},"end":{"line":101,"column":42}},{"start":{"line":101,"column":46},"end":{"line":101,"column":49}}],"line":101},"5":{"loc":{"start":{"line":296,"column":12},"end":{"line":301,"column":16}},"type":"cond-expr","locations":[{"start":{"line":296,"column":39},"end":{"line":301,"column":11}},{"start":{"line":301,"column":14},"end":{"line":301,"column":16}}],"line":296},"6":{"loc":{"start":{"line":373,"column":4},"end":{"line":373,"column":26}},"type":"if","locations":[{"start":{"line":373,"column":4},"end":{"line":373,"column":26}},{"start":{},"end":{}}],"line":373},"7":{"loc":{"start":{"line":404,"column":4},"end":{"line":404,"column":26}},"type":"if","locations":[{"start":{"line":404,"column":4},"end":{"line":404,"column":26}},{"start":{},"end":{}}],"line":404},"8":{"loc":{"start":{"line":455,"column":4},"end":{"line":455,"column":34}},"type":"if","locations":[{"start":{"line":455,"column":4},"end":{"line":455,"column":34}},{"start":{},"end":{}}],"line":455}},"s":{"0":0,"1":0,"2":0,"3":0,"4":0,"5":0,"6":0,"7":0,"8":0,"9":0,"10":0,"11":0,"12":0,"13":0,"14":0,"15":0,"16":0,"17":0,"18":0,"19":0,"20":0,"21":0,"22":0,"23":0,"24":0,"25":0,"26":0,"27":0,"28":0,"29":0,"30":0,"31":0,"32":0,"33":0,"34":0,"35":0,"36":0,"37":0,"38":0,"39":0,"40":0,"41":0,"42":0,"43":0,"44":0,"45":0,"46":0,"47":0,"48":0},"f":{"0":0,"1":0,"2":0,"3":0,"4":0},"b":{"0":[0,0],"1":[0,0],"2":[0,0],"3":[0,0],"4":[0,0],"5":[0,0],"6":[0,0],"7":[0,0],"8":[0,0]}}
,"/mnt/c/Users/riley/Desktop/loveandphotos/src/lib/stripe.js": {"path":"/mnt/c/Users/riley/Desktop/loveandphotos/src/lib/stripe.js","statementMap":{"0":{"start":{"line":5,"column":24},"end":{"line":5,"column":62}},"1":{"start":{"line":8,"column":21},"end":{"line":10,"column":42}},"2":{"start":{"line":14,"column":25},"end":{"line":27,"column":1}},"3":{"start":{"line":15,"column":2},"end":{"line":21,"column":3}},"4":{"start":{"line":16,"column":4},"end":{"line":16,"column":72}},"5":{"start":{"line":17,"column":4},"end":{"line":17,"column":38}},"6":{"start":{"line":18,"column":4},"end":{"line":18,"column":77}},"7":{"start":{"line":19,"column":4},"end":{"line":19,"column":54}},"8":{"start":{"line":20,"column":4},"end":{"line":20,"column":15}},"9":{"start":{"line":23,"column":2},"end":{"line":25,"column":3}},"10":{"start":{"line":24,"column":4},"end":{"line":24,"column":47}},"11":{"start":{"line":26,"column":2},"end":{"line":26,"column":22}},"12":{"start":{"line":30,"column":34},"end":{"line":30,"column":46}},"13":{"start":{"line":33,"column":16},"end":{"line":33,"column":27}},"14":{"start":{"line":36,"column":32},"end":{"line":100,"column":1}},"15":{"start":{"line":37,"column":16},"end":{"line":37,"column":26}},"16":{"start":{"line":38,"column":16},"end":{"line":38,"column":35}},"17":{"start":{"line":39,"column":25},"end":{"line":39,"column":76}},"18":{"start":{"line":41,"column":19},"end":{"line":41,"column":28}},"19":{"start":{"line":42,"column":23},"end":{"line":42,"column":25}},"20":{"start":{"line":43,"column":16},"end":{"line":43,"column":17}},"21":{"start":{"line":45,"column":2},"end":{"line":91,"column":3}},"22":{"start":{"line":47,"column":4},"end":{"line":66,"column":5}},"23":{"start":{"line":67,"column":9},"end":{"line":91,"column":3}},"24":{"start":{"line":69,"column":4},"end":{"line":76,"column":5}},"25":{"start":{"line":77,"column":9},"end":{"line":91,"column":3}},"26":{"start":{"line":79,"column":4},"end":{"line":79,"column":17}},"27":{"start":{"line":80,"column":4},"end":{"line":80,"column":36}},"28":{"start":{"line":81,"column":4},"end":{"line":88,"column":5}},"29":{"start":{"line":90,"column":4},"end":{"line":90,"column":53}},"30":{"start":{"line":93,"column":2},"end":{"line":99,"column":3}},"31":{"start":{"line":103,"column":37},"end":{"line":154,"column":1}},"32":{"start":{"line":104,"column":2},"end":{"line":106,"column":3}},"33":{"start":{"line":105,"column":4},"end":{"line":105,"column":88}},"34":{"start":{"line":117,"column":6},"end":{"line":117,"column":17}},"35":{"start":{"line":119,"column":2},"end":{"line":153,"column":3}},"36":{"start":{"line":120,"column":21},"end":{"line":141,"column":6}},"37":{"start":{"line":143,"column":20},"end":{"line":143,"column":41}},"38":{"start":{"line":145,"column":4},"end":{"line":147,"column":5}},"39":{"start":{"line":146,"column":6},"end":{"line":146,"column":36}},"40":{"start":{"line":149,"column":4},"end":{"line":149,"column":18}},"41":{"start":{"line":151,"column":4},"end":{"line":151,"column":60}},"42":{"start":{"line":152,"column":4},"end":{"line":152,"column":15}},"43":{"start":{"line":157,"column":34},"end":{"line":170,"column":1}},"44":{"start":{"line":158,"column":17},"end":{"line":158,"column":34}},"45":{"start":{"line":160,"column":2},"end":{"line":162,"column":3}},"46":{"start":{"line":161,"column":4},"end":{"line":161,"column":47}},"47":{"start":{"line":164,"column":20},"end":{"line":164,"column":66}},"48":{"start":{"line":166,"column":2},"end":{"line":169,"column":3}},"49":{"start":{"line":167,"column":4},"end":{"line":167,"column":50}},"50":{"start":{"line":168,"column":4},"end":{"line":168,"column":15}},"51":{"start":{"line":173,"column":36},"end":{"line":187,"column":1}},"52":{"start":{"line":174,"column":2},"end":{"line":186,"column":3}},"53":{"start":{"line":175,"column":21},"end":{"line":175,"column":89}},"54":{"start":{"line":176,"column":17},"end":{"line":176,"column":38}},"55":{"start":{"line":178,"column":4},"end":{"line":180,"column":5}},"56":{"start":{"line":179,"column":6},"end":{"line":179,"column":33}},"57":{"start":{"line":182,"column":4},"end":{"line":182,"column":15}},"58":{"start":{"line":184,"column":4},"end":{"line":184,"column":52}},"59":{"start":{"line":185,"column":4},"end":{"line":185,"column":15}},"60":{"start":{"line":190,"column":27},"end":{"line":195,"column":1}},"61":{"start":{"line":191,"column":2},"end":{"line":194,"column":24}},"62":{"start":{"line":198,"column":37},"end":{"line":234,"column":1}},"63":{"start":{"line":237,"column":30},"end":{"line":296,"column":1}},"64":{"start":{"line":239,"column":4},"end":{"line":258,"column":5}},"65":{"start":{"line":240,"column":23},"end":{"line":249,"column":8}},"66":{"start":{"line":251,"column":19},"end":{"line":251,"column":40}},"67":{"start":{"line":252,"column":6},"end":{"line":252,"column":49}},"68":{"start":{"line":252,"column":22},"end":{"line":252,"column":49}},"69":{"start":{"line":254,"column":6},"end":{"line":254,"column":17}},"70":{"start":{"line":256,"column":6},"end":{"line":256,"column":61}},"71":{"start":{"line":257,"column":6},"end":{"line":257,"column":17}},"72":{"start":{"line":262,"column":4},"end":{"line":271,"column":5}},"73":{"start":{"line":263,"column":23},"end":{"line":263,"column":94}},"74":{"start":{"line":264,"column":19},"end":{"line":264,"column":40}},"75":{"start":{"line":266,"column":6},"end":{"line":266,"column":49}},"76":{"start":{"line":266,"column":22},"end":{"line":266,"column":49}},"77":{"start":{"line":267,"column":6},"end":{"line":267,"column":38}},"78":{"start":{"line":269,"column":6},"end":{"line":269,"column":60}},"79":{"start":{"line":270,"column":6},"end":{"line":270,"column":17}},"80":{"start":{"line":275,"column":4},"end":{"line":294,"column":5}},"81":{"start":{"line":276,"column":23},"end":{"line":285,"column":8}},"82":{"start":{"line":287,"column":19},"end":{"line":287,"column":40}},"83":{"start":{"line":288,"column":6},"end":{"line":288,"column":49}},"84":{"start":{"line":288,"column":22},"end":{"line":288,"column":49}},"85":{"start":{"line":290,"column":6},"end":{"line":290,"column":17}},"86":{"start":{"line":292,"column":6},"end":{"line":292,"column":67}},"87":{"start":{"line":293,"column":6},"end":{"line":293,"column":17}},"88":{"start":{"line":299,"column":29},"end":{"line":339,"column":1}},"89":{"start":{"line":301,"column":4},"end":{"line":321,"column":5}},"90":{"start":{"line":302,"column":23},"end":{"line":312,"column":8}},"91":{"start":{"line":314,"column":19},"end":{"line":314,"column":40}},"92":{"start":{"line":315,"column":6},"end":{"line":315,"column":49}},"93":{"start":{"line":315,"column":22},"end":{"line":315,"column":49}},"94":{"start":{"line":317,"column":6},"end":{"line":317,"column":17}},"95":{"start":{"line":319,"column":6},"end":{"line":319,"column":58}},"96":{"start":{"line":320,"column":6},"end":{"line":320,"column":17}},"97":{"start":{"line":325,"column":4},"end":{"line":337,"column":5}},"98":{"start":{"line":326,"column":23},"end":{"line":328,"column":8}},"99":{"start":{"line":330,"column":19},"end":{"line":330,"column":40}},"100":{"start":{"line":331,"column":6},"end":{"line":331,"column":49}},"101":{"start":{"line":331,"column":22},"end":{"line":331,"column":49}},"102":{"start":{"line":333,"column":6},"end":{"line":333,"column":17}},"103":{"start":{"line":335,"column":6},"end":{"line":335,"column":60}},"104":{"start":{"line":336,"column":6},"end":{"line":336,"column":17}},"105":{"start":{"line":342,"column":31},"end":{"line":386,"column":1}},"106":{"start":{"line":344,"column":4},"end":{"line":364,"column":5}},"107":{"start":{"line":345,"column":23},"end":{"line":355,"column":8}},"108":{"start":{"line":357,"column":19},"end":{"line":357,"column":40}},"109":{"start":{"line":358,"column":6},"end":{"line":358,"column":49}},"110":{"start":{"line":358,"column":22},"end":{"line":358,"column":49}},"111":{"start":{"line":360,"column":6},"end":{"line":360,"column":21}},"112":{"start":{"line":362,"column":6},"end":{"line":362,"column":61}},"113":{"start":{"line":363,"column":6},"end":{"line":363,"column":17}},"114":{"start":{"line":368,"column":4},"end":{"line":384,"column":5}},"115":{"start":{"line":369,"column":23},"end":{"line":375,"column":8}},"116":{"start":{"line":377,"column":19},"end":{"line":377,"column":40}},"117":{"start":{"line":378,"column":6},"end":{"line":378,"column":49}},"118":{"start":{"line":378,"column":22},"end":{"line":378,"column":49}},"119":{"start":{"line":380,"column":6},"end":{"line":380,"column":21}},"120":{"start":{"line":382,"column":6},"end":{"line":382,"column":56}},"121":{"start":{"line":383,"column":6},"end":{"line":383,"column":17}}},"fnMap":{"0":{"name":"(anonymous_0)","decl":{"start":{"line":14,"column":25},"end":{"line":14,"column":26}},"loc":{"start":{"line":14,"column":31},"end":{"line":27,"column":1}},"line":14},"1":{"name":"(anonymous_1)","decl":{"start":{"line":36,"column":32},"end":{"line":36,"column":33}},"loc":{"start":{"line":36,"column":58},"end":{"line":100,"column":1}},"line":36},"2":{"name":"(anonymous_2)","decl":{"start":{"line":103,"column":37},"end":{"line":103,"column":38}},"loc":{"start":{"line":103,"column":60},"end":{"line":154,"column":1}},"line":103},"3":{"name":"(anonymous_3)","decl":{"start":{"line":157,"column":34},"end":{"line":157,"column":35}},"loc":{"start":{"line":157,"column":55},"end":{"line":170,"column":1}},"line":157},"4":{"name":"(anonymous_4)","decl":{"start":{"line":173,"column":36},"end":{"line":173,"column":37}},"loc":{"start":{"line":173,"column":57},"end":{"line":187,"column":1}},"line":173},"5":{"name":"(anonymous_5)","decl":{"start":{"line":190,"column":27},"end":{"line":190,"column":28}},"loc":{"start":{"line":190,"column":38},"end":{"line":195,"column":1}},"line":190},"6":{"name":"(anonymous_6)","decl":{"start":{"line":238,"column":2},"end":{"line":238,"column":3}},"loc":{"start":{"line":238,"column":54},"end":{"line":259,"column":3}},"line":238},"7":{"name":"(anonymous_7)","decl":{"start":{"line":261,"column":2},"end":{"line":261,"column":3}},"loc":{"start":{"line":261,"column":36},"end":{"line":272,"column":3}},"line":261},"8":{"name":"(anonymous_8)","decl":{"start":{"line":274,"column":2},"end":{"line":274,"column":3}},"loc":{"start":{"line":274,"column":48},"end":{"line":295,"column":3}},"line":274},"9":{"name":"(anonymous_9)","decl":{"start":{"line":300,"column":2},"end":{"line":300,"column":3}},"loc":{"start":{"line":300,"column":51},"end":{"line":322,"column":3}},"line":300},"10":{"name":"(anonymous_10)","decl":{"start":{"line":324,"column":2},"end":{"line":324,"column":3}},"loc":{"start":{"line":324,"column":31},"end":{"line":338,"column":3}},"line":324},"11":{"name":"(anonymous_11)","decl":{"start":{"line":343,"column":2},"end":{"line":343,"column":3}},"loc":{"start":{"line":343,"column":63},"end":{"line":365,"column":3}},"line":343},"12":{"name":"(anonymous_12)","decl":{"start":{"line":367,"column":2},"end":{"line":367,"column":3}},"loc":{"start":{"line":367,"column":35},"end":{"line":385,"column":3}},"line":367}},"branchMap":{"0":{"loc":{"start":{"line":8,"column":21},"end":{"line":10,"column":42}},"type":"binary-expr","locations":[{"start":{"line":8,"column":21},"end":{"line":8,"column":36}},{"start":{"line":9,"column":2},"end":{"line":9,"column":43}},{"start":{"line":10,"column":2},"end":{"line":10,"column":42}}],"line":8},"1":{"loc":{"start":{"line":15,"column":2},"end":{"line":21,"column":3}},"type":"if","locations":[{"start":{"line":15,"column":2},"end":{"line":21,"column":3}},{"start":{},"end":{}}],"line":15},"2":{"loc":{"start":{"line":23,"column":2},"end":{"line":25,"column":3}},"type":"if","locations":[{"start":{"line":23,"column":2},"end":{"line":25,"column":3}},{"start":{},"end":{}}],"line":23},"3":{"loc":{"start":{"line":45,"column":2},"end":{"line":91,"column":3}},"type":"if","locations":[{"start":{"line":45,"column":2},"end":{"line":91,"column":3}},{"start":{"line":67,"column":9},"end":{"line":91,"column":3}}],"line":45},"4":{"loc":{"start":{"line":67,"column":9},"end":{"line":91,"column":3}},"type":"if","locations":[{"start":{"line":67,"column":9},"end":{"line":91,"column":3}},{"start":{"line":77,"column":9},"end":{"line":91,"column":3}}],"line":67},"5":{"loc":{"start":{"line":77,"column":9},"end":{"line":91,"column":3}},"type":"if","locations":[{"start":{"line":77,"column":9},"end":{"line":91,"column":3}},{"start":{"line":89,"column":9},"end":{"line":91,"column":3}}],"line":77},"6":{"loc":{"start":{"line":104,"column":2},"end":{"line":106,"column":3}},"type":"if","locations":[{"start":{"line":104,"column":2},"end":{"line":106,"column":3}},{"start":{},"end":{}}],"line":104},"7":{"loc":{"start":{"line":116,"column":4},"end":{"line":116,"column":17}},"type":"default-arg","locations":[{"start":{"line":116,"column":15},"end":{"line":116,"column":17}}],"line":116},"8":{"loc":{"start":{"line":145,"column":4},"end":{"line":147,"column":5}},"type":"if","locations":[{"start":{"line":145,"column":4},"end":{"line":147,"column":5}},{"start":{},"end":{}}],"line":145},"9":{"loc":{"start":{"line":160,"column":2},"end":{"line":162,"column":3}},"type":"if","locations":[{"start":{"line":160,"column":2},"end":{"line":162,"column":3}},{"start":{},"end":{}}],"line":160},"10":{"loc":{"start":{"line":166,"column":2},"end":{"line":169,"column":3}},"type":"if","locations":[{"start":{"line":166,"column":2},"end":{"line":169,"column":3}},{"start":{},"end":{}}],"line":166},"11":{"loc":{"start":{"line":178,"column":4},"end":{"line":180,"column":5}},"type":"if","locations":[{"start":{"line":178,"column":4},"end":{"line":180,"column":5}},{"start":{},"end":{}}],"line":178},"12":{"loc":{"start":{"line":252,"column":6},"end":{"line":252,"column":49}},"type":"if","locations":[{"start":{"line":252,"column":6},"end":{"line":252,"column":49}},{"start":{},"end":{}}],"line":252},"13":{"loc":{"start":{"line":266,"column":6},"end":{"line":266,"column":49}},"type":"if","locations":[{"start":{"line":266,"column":6},"end":{"line":266,"column":49}},{"start":{},"end":{}}],"line":266},"14":{"loc":{"start":{"line":267,"column":13},"end":{"line":267,"column":38}},"type":"binary-expr","locations":[{"start":{"line":267,"column":13},"end":{"line":267,"column":32}},{"start":{"line":267,"column":36},"end":{"line":267,"column":38}}],"line":267},"15":{"loc":{"start":{"line":288,"column":6},"end":{"line":288,"column":49}},"type":"if","locations":[{"start":{"line":288,"column":6},"end":{"line":288,"column":49}},{"start":{},"end":{}}],"line":288},"16":{"loc":{"start":{"line":300,"column":36},"end":{"line":300,"column":49}},"type":"default-arg","locations":[{"start":{"line":300,"column":47},"end":{"line":300,"column":49}}],"line":300},"17":{"loc":{"start":{"line":315,"column":6},"end":{"line":315,"column":49}},"type":"if","locations":[{"start":{"line":315,"column":6},"end":{"line":315,"column":49}},{"start":{},"end":{}}],"line":315},"18":{"loc":{"start":{"line":331,"column":6},"end":{"line":331,"column":49}},"type":"if","locations":[{"start":{"line":331,"column":6},"end":{"line":331,"column":49}},{"start":{},"end":{}}],"line":331},"19":{"loc":{"start":{"line":358,"column":6},"end":{"line":358,"column":49}},"type":"if","locations":[{"start":{"line":358,"column":6},"end":{"line":358,"column":49}},{"start":{},"end":{}}],"line":358},"20":{"loc":{"start":{"line":378,"column":6},"end":{"line":378,"column":49}},"type":"if","locations":[{"start":{"line":378,"column":6},"end":{"line":378,"column":49}},{"start":{},"end":{}}],"line":378}},"s":{"0":0,"1":0,"2":0,"3":0,"4":0,"5":0,"6":0,"7":0,"8":0,"9":0,"10":0,"11":0,"12":0,"13":0,"14":0,"15":0,"16":0,"17":0,"18":0,"19":0,"20":0,"21":0,"22":0,"23":0,"24":0,"25":0,"26":0,"27":0,"28":0,"29":0,"30":0,"31":0,"32":0,"33":0,"34":0,"35":0,"36":0,"37":0,"38":0,"39":0,"40":0,"41":0,"42":0,"43":0,"44":0,"45":0,"46":0,"47":0,"48":0,"49":0,"50":0,"51":0,"52":0,"53":0,"54":0,"55":0,"56":0,"57":0,"58":0,"59":0,"60":0,"61":0,"62":0,"63":0,"64":0,"65":0,"66":0,"67":0,"68":0,"69":0,"70":0,"71":0,"72":0,"73":0,"74":0,"75":0,"76":0,"77":0,"78":0,"79":0,"80":0,"81":0,"82":0,"83":0,"84":0,"85":0,"86":0,"87":0,"88":0,"89":0,"90":0,"91":0,"92":0,"93":0,"94":0,"95":0,"96":0,"97":0,"98":0,"99":0,"100":0,"101":0,"102":0,"103":0,"104":0,"105":0,"106":0,"107":0,"108":0,"109":0,"110":0,"111":0,"112":0,"113":0,"114":0,"115":0,"116":0,"117":0,"118":0,"119":0,"120":0,"121":0},"f":{"0":0,"1":0,"2":0,"3":0,"4":0,"5":0,"6":0,"7":0,"8":0,"9":0,"10":0,"11":0,"12":0},"b":{"0":[0,0,0],"1":[0,0],"2":[0,0],"3":[0,0],"4":[0,0],"5":[0,0],"6":[0,0],"7":[0],"8":[0,0],"9":[0,0],"10":[0,0],"11":[0,0],"12":[0,0],"13":[0,0],"14":[0,0],"15":[0,0],"16":[0],"17":[0,0],"18":[0,0],"19":[0,0],"20":[0,0]}}
,"/mnt/c/Users/riley/Desktop/loveandphotos/src/lib/supabase.js": {"path":"/mnt/c/Users/riley/Desktop/loveandphotos/src/lib/supabase.js","statementMap":{"0":{"start":{"line":3,"column":20},"end":{"line":3,"column":53}},"1":{"start":{"line":4,"column":24},"end":{"line":4,"column":62}},"2":{"start":{"line":7,"column":21},"end":{"line":10,"column":44}},"3":{"start":{"line":13,"column":25},"end":{"line":77,"column":1}},"4":{"start":{"line":14,"column":2},"end":{"line":14,"column":57}},"5":{"start":{"line":15,"column":2},"end":{"line":15,"column":87}},"6":{"start":{"line":16,"column":2},"end":{"line":16,"column":73}},"7":{"start":{"line":17,"column":2},"end":{"line":17,"column":57}},"8":{"start":{"line":20,"column":2},"end":{"line":76,"column":3}},"9":{"start":{"line":22,"column":20},"end":{"line":22,"column":115}},"10":{"start":{"line":23,"column":20},"end":{"line":23,"column":115}},"11":{"start":{"line":24,"column":32},"end":{"line":24,"column":84}},"12":{"start":{"line":25,"column":21},"end":{"line":25,"column":53}},"13":{"start":{"line":26,"column":24},"end":{"line":26,"column":81}},"14":{"start":{"line":27,"column":21},"end":{"line":27,"column":75}},"15":{"start":{"line":28,"column":40},"end":{"line":31,"column":7}},"16":{"start":{"line":32,"column":35},"end":{"line":32,"column":87}},"17":{"start":{"line":33,"column":24},"end":{"line":33,"column":76}},"18":{"start":{"line":35,"column":22},"end":{"line":65,"column":5}},"19":{"start":{"line":36,"column":21},"end":{"line":44,"column":7}},"20":{"start":{"line":37,"column":19},"end":{"line":40,"column":9}},"21":{"start":{"line":38,"column":24},"end":{"line":38,"column":100}},"22":{"start":{"line":39,"column":23},"end":{"line":39,"column":65}},"23":{"start":{"line":41,"column":22},"end":{"line":41,"column":66}},"24":{"start":{"line":42,"column":21},"end":{"line":42,"column":63}},"25":{"start":{"line":43,"column":21},"end":{"line":43,"column":63}},"26":{"start":{"line":45,"column":21},"end":{"line":49,"column":7}},"27":{"start":{"line":46,"column":23},"end":{"line":48,"column":9}},"28":{"start":{"line":47,"column":24},"end":{"line":47,"column":100}},"29":{"start":{"line":50,"column":21},"end":{"line":56,"column":7}},"30":{"start":{"line":51,"column":19},"end":{"line":55,"column":9}},"31":{"start":{"line":52,"column":25},"end":{"line":54,"column":11}},"32":{"start":{"line":53,"column":26},"end":{"line":53,"column":102}},"33":{"start":{"line":57,"column":21},"end":{"line":59,"column":7}},"34":{"start":{"line":58,"column":18},"end":{"line":58,"column":50}},"35":{"start":{"line":60,"column":21},"end":{"line":64,"column":7}},"36":{"start":{"line":61,"column":23},"end":{"line":63,"column":9}},"37":{"start":{"line":62,"column":24},"end":{"line":62,"column":100}},"38":{"start":{"line":67,"column":25},"end":{"line":71,"column":7}},"39":{"start":{"line":68,"column":22},"end":{"line":68,"column":98}},"40":{"start":{"line":69,"column":24},"end":{"line":69,"column":100}},"41":{"start":{"line":70,"column":29},"end":{"line":70,"column":78}},"42":{"start":{"line":73,"column":20},"end":{"line":75,"column":5}},"43":{"start":{"line":74,"column":17},"end":{"line":74,"column":65}},"44":{"start":{"line":74,"column":37},"end":{"line":74,"column":62}},"45":{"start":{"line":80,"column":24},"end":{"line":90,"column":22}},"46":{"start":{"line":93,"column":36},"end":{"line":93,"column":48}},"47":{"start":{"line":96,"column":18},"end":{"line":479,"column":1}},"48":{"start":{"line":100,"column":6},"end":{"line":103,"column":7}},"49":{"start":{"line":101,"column":8},"end":{"line":101,"column":69}},"50":{"start":{"line":102,"column":8},"end":{"line":102,"column":19}},"51":{"start":{"line":105,"column":30},"end":{"line":109,"column":17}},"52":{"start":{"line":111,"column":6},"end":{"line":111,"column":28}},"53":{"start":{"line":111,"column":17},"end":{"line":111,"column":28}},"54":{"start":{"line":112,"column":6},"end":{"line":112,"column":17}},"55":{"start":{"line":116,"column":6},"end":{"line":119,"column":7}},"56":{"start":{"line":117,"column":8},"end":{"line":117,"column":47}},"57":{"start":{"line":118,"column":8},"end":{"line":118,"column":19}},"58":{"start":{"line":121,"column":30},"end":{"line":126,"column":17}},"59":{"start":{"line":128,"column":6},"end":{"line":128,"column":28}},"60":{"start":{"line":128,"column":17},"end":{"line":128,"column":28}},"61":{"start":{"line":129,"column":6},"end":{"line":129,"column":17}},"62":{"start":{"line":136,"column":6},"end":{"line":136,"column":36}},"63":{"start":{"line":136,"column":25},"end":{"line":136,"column":36}},"64":{"start":{"line":138,"column":30},"end":{"line":146,"column":17}},"65":{"start":{"line":148,"column":6},"end":{"line":148,"column":28}},"66":{"start":{"line":148,"column":17},"end":{"line":148,"column":28}},"67":{"start":{"line":149,"column":6},"end":{"line":149,"column":17}},"68":{"start":{"line":153,"column":6},"end":{"line":153,"column":36}},"69":{"start":{"line":153,"column":25},"end":{"line":153,"column":36}},"70":{"start":{"line":155,"column":30},"end":{"line":167,"column":17}},"71":{"start":{"line":169,"column":6},"end":{"line":169,"column":28}},"72":{"start":{"line":169,"column":17},"end":{"line":169,"column":28}},"73":{"start":{"line":170,"column":6},"end":{"line":170,"column":17}},"74":{"start":{"line":174,"column":6},"end":{"line":174,"column":34}},"75":{"start":{"line":174,"column":25},"end":{"line":174,"column":34}},"76":{"start":{"line":176,"column":18},"end":{"line":183,"column":30}},"77":{"start":{"line":186,"column":6},"end":{"line":190,"column":7}},"78":{"start":{"line":188,"column":8},"end":{"line":189,"column":48}},"79":{"start":{"line":192,"column":6},"end":{"line":194,"column":7}},"80":{"start":{"line":193,"column":8},"end":{"line":193,"column":62}},"81":{"start":{"line":196,"column":6},"end":{"line":198,"column":7}},"82":{"start":{"line":197,"column":8},"end":{"line":197,"column":68}},"83":{"start":{"line":200,"column":6},"end":{"line":202,"column":7}},"84":{"start":{"line":201,"column":8},"end":{"line":201,"column":62}},"85":{"start":{"line":204,"column":6},"end":{"line":206,"column":7}},"86":{"start":{"line":205,"column":8},"end":{"line":205,"column":66}},"87":{"start":{"line":209,"column":6},"end":{"line":209,"column":65}},"88":{"start":{"line":211,"column":30},"end":{"line":211,"column":41}},"89":{"start":{"line":213,"column":6},"end":{"line":213,"column":28}},"90":{"start":{"line":213,"column":17},"end":{"line":213,"column":28}},"91":{"start":{"line":214,"column":6},"end":{"line":214,"column":17}},"92":{"start":{"line":218,"column":6},"end":{"line":218,"column":36}},"93":{"start":{"line":218,"column":25},"end":{"line":218,"column":36}},"94":{"start":{"line":220,"column":30},"end":{"line":225,"column":17}},"95":{"start":{"line":227,"column":6},"end":{"line":227,"column":28}},"96":{"start":{"line":227,"column":17},"end":{"line":227,"column":28}},"97":{"start":{"line":228,"column":6},"end":{"line":228,"column":17}},"98":{"start":{"line":235,"column":6},"end":{"line":235,"column":34}},"99":{"start":{"line":235,"column":25},"end":{"line":235,"column":34}},"100":{"start":{"line":237,"column":18},"end":{"line":240,"column":46}},"101":{"start":{"line":242,"column":6},"end":{"line":244,"column":7}},"102":{"start":{"line":243,"column":8},"end":{"line":243,"column":44}},"103":{"start":{"line":246,"column":6},"end":{"line":248,"column":7}},"104":{"start":{"line":247,"column":8},"end":{"line":247,"column":42}},"105":{"start":{"line":250,"column":30},"end":{"line":250,"column":55}},"106":{"start":{"line":252,"column":6},"end":{"line":252,"column":28}},"107":{"start":{"line":252,"column":17},"end":{"line":252,"column":28}},"108":{"start":{"line":253,"column":6},"end":{"line":253,"column":17}},"109":{"start":{"line":257,"column":6},"end":{"line":257,"column":36}},"110":{"start":{"line":257,"column":25},"end":{"line":257,"column":36}},"111":{"start":{"line":259,"column":30},"end":{"line":269,"column":17}},"112":{"start":{"line":271,"column":6},"end":{"line":271,"column":28}},"113":{"start":{"line":271,"column":17},"end":{"line":271,"column":28}},"114":{"start":{"line":272,"column":6},"end":{"line":272,"column":17}},"115":{"start":{"line":279,"column":6},"end":{"line":279,"column":36}},"116":{"start":{"line":279,"column":25},"end":{"line":279,"column":36}},"117":{"start":{"line":281,"column":30},"end":{"line":285,"column":17}},"118":{"start":{"line":287,"column":6},"end":{"line":287,"column":28}},"119":{"start":{"line":287,"column":17},"end":{"line":287,"column":28}},"120":{"start":{"line":288,"column":6},"end":{"line":288,"column":17}},"121":{"start":{"line":292,"column":6},"end":{"line":292,"column":36}},"122":{"start":{"line":292,"column":25},"end":{"line":292,"column":36}},"123":{"start":{"line":294,"column":30},"end":{"line":306,"column":17}},"124":{"start":{"line":308,"column":6},"end":{"line":308,"column":28}},"125":{"start":{"line":308,"column":17},"end":{"line":308,"column":28}},"126":{"start":{"line":309,"column":6},"end":{"line":309,"column":17}},"127":{"start":{"line":313,"column":6},"end":{"line":313,"column":34}},"128":{"start":{"line":313,"column":25},"end":{"line":313,"column":34}},"129":{"start":{"line":315,"column":18},"end":{"line":325,"column":10}},"130":{"start":{"line":327,"column":6},"end":{"line":340,"column":7}},"131":{"start":{"line":328,"column":8},"end":{"line":328,"column":47}},"132":{"start":{"line":331,"column":43},"end":{"line":335,"column":19}},"133":{"start":{"line":337,"column":8},"end":{"line":339,"column":9}},"134":{"start":{"line":338,"column":10},"end":{"line":338,"column":66}},"135":{"start":{"line":342,"column":30},"end":{"line":342,"column":83}},"136":{"start":{"line":344,"column":6},"end":{"line":344,"column":28}},"137":{"start":{"line":344,"column":17},"end":{"line":344,"column":28}},"138":{"start":{"line":345,"column":6},"end":{"line":345,"column":17}},"139":{"start":{"line":349,"column":6},"end":{"line":349,"column":36}},"140":{"start":{"line":349,"column":25},"end":{"line":349,"column":36}},"141":{"start":{"line":351,"column":22},"end":{"line":354,"column":7}},"142":{"start":{"line":356,"column":30},"end":{"line":361,"column":17}},"143":{"start":{"line":363,"column":6},"end":{"line":363,"column":28}},"144":{"start":{"line":363,"column":17},"end":{"l
[...]
{"line":107,"column":6},"end":{"line":107,"column":52}},"41":{"start":{"line":114,"column":2},"end":{"line":141,"column":3}},"42":{"start":{"line":115,"column":20},"end":{"line":115,"column":45}},"43":{"start":{"line":117,"column":4},"end":{"line":117,"column":41}},"44":{"start":{"line":120,"column":4},"end":{"line":138,"column":5}},"45":{"start":{"line":121,"column":26},"end":{"line":121,"column":114}},"46":{"start":{"line":121,"column":65},"end":{"line":121,"column":84}},"47":{"start":{"line":122,"column":26},"end":{"line":122,"column":111}},"48":{"start":{"line":122,"column":58},"end":{"line":122,"column":71}},"49":{"start":{"line":124,"column":6},"end":{"line":124,"column":36}},"50":{"start":{"line":125,"column":6},"end":{"line":125,"column":56}},"51":{"start":{"line":126,"column":6},"end":{"line":126,"column":68}},"52":{"start":{"line":127,"column":6},"end":{"line":127,"column":63}},"53":{"start":{"line":130,"column":22},"end":{"line":132,"column":20}},"54":{"start":{"line":131,"column":24},"end":{"line":131,"column":47}},"55":{"start":{"line":134,"column":6},"end":{"line":134,"column":41}},"56":{"start":{"line":135,"column":6},"end":{"line":137,"column":8}},"57":{"start":{"line":136,"column":8},"end":{"line":136,"column":76}},"58":{"start":{"line":140,"column":4},"end":{"line":140,"column":18}},"59":{"start":{"line":143,"column":2},"end":{"line":143,"column":54}},"60":{"start":{"line":144,"column":2},"end":{"line":144,"column":68}},"61":{"start":{"line":152,"column":24},"end":{"line":164,"column":1}},"62":{"start":{"line":155,"column":2},"end":{"line":163,"column":3}},"63":{"start":{"line":156,"column":18},"end":{"line":159,"column":5}},"64":{"start":{"line":157,"column":6},"end":{"line":157,"column":27}},"65":{"start":{"line":158,"column":6},"end":{"line":158,"column":19}},"66":{"start":{"line":161,"column":4},"end":{"line":161,"column":25}},"67":{"start":{"line":162,"column":4},"end":{"line":162,"column":37}},"68":{"start":{"line":171,"column":24},"end":{"line":181,"column":1}},"69":{"start":{"line":174,"column":2},"end":{"line":180,"column":3}},"70":{"start":{"line":175,"column":4},"end":{"line":179,"column":5}},"71":{"start":{"line":176,"column":6},"end":{"line":176,"column":28}},"72":{"start":{"line":177,"column":6},"end":{"line":177,"column":23}},"73":{"start":{"line":178,"column":6},"end":{"line":178,"column":49}},"74":{"start":{"line":178,"column":23},"end":{"line":178,"column":41}},"75":{"start":{"line":188,"column":28},"end":{"line":197,"column":1}},"76":{"start":{"line":189,"column":15},"end":{"line":189,"column":46}},"77":{"start":{"line":191,"column":2},"end":{"line":196,"column":3}},"78":{"start":{"line":202,"column":32},"end":{"line":224,"column":1}},"79":{"start":{"line":203,"column":2},"end":{"line":203,"column":34}},"80":{"start":{"line":203,"column":28},"end":{"line":203,"column":34}},"81":{"start":{"line":205,"column":2},"end":{"line":221,"column":3}},"82":{"start":{"line":206,"column":17},"end":{"line":206,"column":60}},"83":{"start":{"line":207,"column":18},"end":{"line":207,"column":62}},"84":{"start":{"line":208,"column":18},"end":{"line":208,"column":38}},"85":{"start":{"line":210,"column":4},"end":{"line":214,"column":5}},"86":{"start":{"line":211,"column":6},"end":{"line":211,"column":116}},"87":{"start":{"line":212,"column":11},"end":{"line":214,"column":5}},"88":{"start":{"line":213,"column":6},"end":{"line":213,"column":111}},"89":{"start":{"line":216,"column":4},"end":{"line":220,"column":5}},"90":{"start":{"line":223,"column":2},"end":{"line":223,"column":13}}},"fnMap":{"0":{"name":"(anonymous_0)","decl":{"start":{"line":10,"column":33},"end":{"line":10,"column":34}},"loc":{"start":{"line":10,"column":52},"end":{"line":23,"column":1}},"line":10},"1":{"name":"(anonymous_1)","decl":{"start":{"line":15,"column":9},"end":{"line":15,"column":10}},"loc":{"start":{"line":15,"column":15},"end":{"line":22,"column":3}},"line":15},"2":{"name":"(anonymous_2)","decl":{"start":{"line":30,"column":28},"end":{"line":30,"column":29}},"loc":{"start":{"line":30,"column":57},"end":{"line":71,"column":1}},"line":30},"3":{"name":"(anonymous_3)","decl":{"start":{"line":76,"column":41},"end":{"line":76,"column":42}},"loc":{"start":{"line":76,"column":47},"end":{"line":145,"column":1}},"line":76},"4":{"name":"(anonymous_4)","decl":{"start":{"line":87,"column":34},"end":{"line":87,"column":35}},"loc":{"start":{"line":87,"column":40},"end":{"line":94,"column":3}},"line":87},"5":{"name":"(anonymous_5)","decl":{"start":{"line":99,"column":47},"end":{"line":99,"column":48}},"loc":{"start":{"line":99,"column":57},"end":{"line":105,"column":7}},"line":99},"6":{"name":"(anonymous_6)","decl":{"start":{"line":114,"column":32},"end":{"line":114,"column":33}},"loc":{"start":{"line":114,"column":38},"end":{"line":141,"column":3}},"line":114},"7":{"name":"(anonymous_7)","decl":{"start":{"line":121,"column":50},"end":{"line":121,"column":51}},"loc":{"start":{"line":121,"column":65},"end":{"line":121,"column":84}},"line":121},"8":{"name":"(anonymous_8)","decl":{"start":{"line":122,"column":50},"end":{"line":122,"column":51}},"loc":{"start":{"line":122,"column":58},"end":{"line":122,"column":71}},"line":122},"9":{"name":"(anonymous_9)","decl":{"start":{"line":131,"column":14},"end":{"line":131,"column":15}},"loc":{"start":{"line":131,"column":24},"end":{"line":131,"column":47}},"line":131},"10":{"name":"(anonymous_10)","decl":{"start":{"line":135,"column":22},"end":{"line":135,"column":23}},"loc":{"start":{"line":135,"column":30},"end":{"line":137,"column":7}},"line":135},"11":{"name":"(anonymous_11)","decl":{"start":{"line":152,"column":24},"end":{"line":152,"column":25}},"loc":{"start":{"line":152,"column":46},"end":{"line":164,"column":1}},"line":152},"12":{"name":"executedFunction","decl":{"start":{"line":155,"column":18},"end":{"line":155,"column":34}},"loc":{"start":{"line":155,"column":44},"end":{"line":163,"column":3}},"line":155},"13":{"name":"(anonymous_13)","decl":{"start":{"line":156,"column":18},"end":{"line":156,"column":19}},"loc":{"start":{"line":156,"column":24},"end":{"line":159,"column":5}},"line":156},"14":{"name":"(anonymous_14)","decl":{"start":{"line":171,"column":24},"end":{"line":171,"column":25}},"loc":{"start":{"line":171,"column":47},"end":{"line":181,"column":1}},"line":171},"15":{"name":"(anonymous_15)","decl":{"start":{"line":174,"column":9},"end":{"line":174,"column":10}},"loc":{"start":{"line":174,"column":27},"end":{"line":180,"column":3}},"line":174},"16":{"name":"(anonymous_16)","decl":{"start":{"line":178,"column":17},"end":{"line":178,"column":18}},"loc":{"start":{"line":178,"column":23},"end":{"line":178,"column":41}},"line":178},"17":{"name":"(anonymous_17)","decl":{"start":{"line":188,"column":28},"end":{"line":188,"column":29}},"loc":{"start":{"line":188,"column":41},"end":{"line":197,"column":1}},"line":188},"18":{"name":"(anonymous_18)","decl":{"start":{"line":202,"column":32},"end":{"line":202,"column":33}},"loc":{"start":{"line":202,"column":38},"end":{"line":224,"column":1}},"line":202}},"branchMap":{"0":{"loc":{"start":{"line":11,"column":2},"end":{"line":11,"column":34}},"type":"if","locations":[{"start":{"line":11,"column":2},"end":{"line":11,"column":34}},{"start":{},"end":{}}],"line":11},"1":{"loc":{"start":{"line":19,"column":4},"end":{"line":21,"column":5}},"type":"if","locations":[{"start":{"line":19,"column":4},"end":{"line":21,"column":5}},{"start":{},"end":{}}],"line":19},"2":{"loc":{"start":{"line":38,"column":4},"end":{"line":40,"column":5}},"type":"if","locations":[{"start":{"line":38,"column":4},"end":{"line":40,"column":5}},{"start":{},"end":{}}],"line":38},"3":{"loc":{"start":{"line":43,"column":4},"end":{"line":50,"column":5}},"type":"if","locations":[{"start":{"line":43,"column":4},"end":{"line":50,"column":5}},{"start":{},"end":{}}],"line":43},"4":{"loc":{"start":{"line":59,"column":4},"end":{"line":67,"column":5}},"type":"if","locations":[{"start":{"line":59,"column":4},"end":{"line":67,"column":5}},{"start":{},"end":{}}],"line":59},"5":{"loc":{"start":{"line":77,"column":2},"end":{"line":77,"column":34}},"type":"if","locations":[{"start":{"line":77,"column":2},"end":{"line":77,"column":34}},{"start":{},"end":{}}],"line":77},"6":{"loc":{"start":{"line":97,"column":2},"end":{"line":111,"column":3}},"type":"if","locations":[{"start":{"line":97,"column":2},"end":{"line":111,"column":3}},{"start":{},"end":{}}],"line":97},"7":{"loc":{"start":{"line":101,"column":10},"end":{"line":103,"column":11}},"type":"if","locations":[{"start":{"line":101,"column":10},"end":{"line":103,"column":11}},{"start":{},"end":{}}],"line":101},"8":{"loc":{"start":{"line":120,"column":4},"end":{"line":138,"column":5}},"type":"if","locations":[{"start":{"line":120,"column":4},"end":{"line":138,"column":5}},{"start":{},"end":{}}],"line":120},"9":{"loc":{"start":{"line":152,"column":31},"end":{"line":152,"column":41}},"type":"default-arg","locations":[{"start":{"line":152,"column":38},"end":{"line":152,"column":41}}],"line":152},"10":{"loc":{"start":{"line":171,"column":31},"end":{"line":171,"column":42}},"type":"default-arg","locations":[{"start":{"line":171,"column":39},"end":{"line":171,"column":42}}],"line":171},"11":{"loc":{"start":{"line":175,"column":4},"end":{"line":179,"column":5}},"type":"if","locations":[{"start":{"line":175,"column":4},"end":{"line":179,"column":5}},{"start":{},"end":{}}],"line":175},"12":{"loc":{"start":{"line":192,"column":4},"end":{"line":195,"column":77}},"type":"binary-expr","locations":[{"start":{"line":192,"column":4},"end":{"line":192,"column":17}},{"start":{"line":193,"column":4},"end":{"line":193,"column":18}},{"start":{"line":194,"column":4},"end":{"line":194,"column":80}},{"start":{"line":195,"column":4},"end":{"line":195,"column":77}}],"line":192},"13":{"loc":{"start":{"line":194,"column":20},"end":{"line":194,"column":79}},"type":"binary-expr","locations":[{"start":{"line":194,"column":20},"end":{"line":194,"column":38}},{"start":{"line":194,"column":42},"end":{"line":194,"column":79}}],"line":194},"14":{"loc":{"start":{"line":195,"column":19},"end":{"line":195,"column":76}},"type":"binary-expr","locations":[{"start":{"line":195,"column":19},"end":{"line":195,"column":36}},{"start":{"line":195,"column":40},"end":{"line":195,"column":76}}],"line":195},"15":{"loc":{"start":{"line":203,"column":2},"end":{"line":203,"column":34}},"type":"if","locations":[{"start":{"line":203,"column":2},"end":{"line":203,"column":34}},{"start":{},"end":{}}],"line":203},"16":{"loc":{"start":{"line":205,"column":2},"end":{"line":221,"column":3}},"type":"if","locations":[{"start":{"line":205,"column":2},"end":{"line":221,"column":3}},{"start":{},"end":{}}],"line":205},"17":{"loc":{"start":{"line":210,"column":4},"end":{"line":214,"column":5}},"type":"if","locations":[{"start":{"line":210,"column":4},"end":{"line":214,"column":5}},{"start":{"line":212,"column":11},"end":{"line":214,"column":5}}],"line":210},"18":{"loc":{"start":{"line":212,"column":11},"end":{"line":214,"column":5}},"type":"if","locations":[{"start":{"line":212,"column":11},"end":{"line":214,"column":5}},{"start":{},"end":{}}],"line":212}},"s":{"0":0,"1":0,"2":0,"3":0,"4":0,"5":0,"6":0,"7":0,"8":0,"9":0,"10":0,"11":0,"12":0,"13":0,"14":0,"15":0,"16":0,"17":0,"18":0,"19":0,"20":0,"21":0,"22":0,"23":0,"24":0,"25":0,"26":0,"27":0,"28":0,"29":0,"30":0,"31":0,"32":0,"33":0,"34":0,"35":0,"36":0,"37":0,"38":0,"39":0,"40":0,"41":0,"42":0,"43":0,"44":0,"45":0,"46":0,"47":0,"48":0,"49":0,"50":0,"51":0,"52":0,"53":0,"54":0,"55":0,"56":0,"57":0,"58":0,"59":0,"60":0,"61":0,"62":0,"63":0,"64":0,"65":0,"66":0,"67":0,"68":0,"69":0,"70":0,"71":0,"72":0,"73":0,"74":0,"75":0,"76":0,"77":0,"78":0,"79":0,"80":0,"81":0,"82":0,"83":0,"84":0,"85":0,"86":0,"87":0,"88":0,"89":0,"90":0},"f":{"0":0,"1":0,"2":0,"3":0,"4":0,"5":0,"6":0,"7":0,"8":0,"9":0,"10":0,"11":0,"12":0,"13":0,"14":0,"15":0,"16":0,"17":0,"18":0},"b":{"0":[0,0],"1":[0,0],"2":[0,0],"3":[0,0],"4":[0,0],"5":[0,0],"6":[0,0],"7":[0,0],"8":[0,0],"9":[0],"10":[0],"11":[0,0],"12":[0,0,0,0],"13":[0,0],"14":[0,0],"15":[0,0],"16":[0,0],"17":[0,0],"18":[0,0]}}
,"/mnt/c/Users/riley/Desktop/loveandphotos/src/utils/validateEnv.js": {"path":"/mnt/c/Users/riley/Desktop/loveandphotos/src/utils/validateEnv.js","statementMap":{"0":{"start":{"line":7,"column":19},"end":{"line":12,"column":3}},"1":{"start":{"line":14,"column":18},"end":{"line":14,"column":20}},"2":{"start":{"line":15,"column":22},"end":{"line":15,"column":24}},"3":{"start":{"line":16,"column":21},"end":{"line":16,"column":23}},"4":{"start":{"line":18,"column":2},"end":{"line":32,"column":3}},"5":{"start":{"line":19,"column":4},"end":{"line":31,"column":5}},"6":{"start":{"line":20,"column":6},"end":{"line":20,"column":23}},"7":{"start":{"line":21,"column":11},"end":{"line":31,"column":5}},"8":{"start":{"line":28,"column":6},"end":{"line":28,"column":27}},"9":{"start":{"line":30,"column":6},"end":{"line":30,"column":26}},"10":{"start":{"line":34,"column":18},"end":{"line":34,"column":66}},"11":{"start":{"line":35,"column":32},"end":{"line":35,"column":53}},"12":{"start":{"line":37,"column":2},"end":{"line":69,"column":3}},"13":{"start":{"line":46,"column":6},"end":{"line":48,"column":7}},"14":{"start":{"line":47,"column":8},"end":{"line":47,"column":66}},"15":{"start":{"line":49,"column":6},"end":{"line":51,"column":7}},"16":{"start":{"line":50,"column":8},"end":{"line":50,"column":78}},"17":{"start":{"line":52,"column":6},"end":{"line":54,"column":7}},"18":{"start":{"line":53,"column":8},"end":{"line":53,"column":72}},"19":{"start":{"line":55,"column":6},"end":{"line":55,"column":56}},"20":{"start":{"line":59,"column":6},"end":{"line":62,"column":63}},"21":{"start":{"line":65,"column":6},"end":{"line":67,"column":70}},"22":{"start":{"line":74,"column":2},"end":{"line":74,"column":70}},"23":{"start":{"line":79,"column":2},"end":{"line":79,"column":70}},"24":{"start":{"line":85,"column":2},"end":{"line":87,"column":3}},"25":{"start":{"line":86,"column":4},"end":{"line":86,"column":45}},"26":{"start":{"line":89,"column":2},"end":{"line":89,"column":64}},"27":{"start":{"line":94,"column":2},"end":{"line":94,"column":63}},"28":{"start":{"line":98,"column":19},"end":{"line":115,"column":1}}},"fnMap":{"0":{"name":"validateEnvironment","decl":{"start":{"line":6,"column":16},"end":{"line":6,"column":35}},"loc":{"start":{"line":6,"column":38},"end":{"line":70,"column":1}},"line":6},"1":{"name":"(anonymous_1)","decl":{"start":{"line":45,"column":4},"end":{"line":45,"column":5}},"loc":{"start":{"line":45,"column":23},"end":{"line":56,"column":5}},"line":45},"2":{"name":"(anonymous_2)","decl":{"start":{"line":58,"column":4},"end":{"line":58,"column":5}},"loc":{"start":{"line":58,"column":27},"end":{"line":63,"column":5}},"line":58},"3":{"name":"(anonymous_3)","decl":{"start":{"line":64,"column":4},"end":{"line":64,"column":5}},"loc":{"start":{"line":64,"column":25},"end":{"line":68,"column":5}},"line":64},"4":{"name":"isDevelopment","decl":{"start":{"line":73,"column":16},"end":{"line":73,"column":29}},"loc":{"start":{"line":73,"column":32},"end":{"line":75,"column":1}},"line":73},"5":{"name":"isProduction","decl":{"start":{"line":78,"column":16},"end":{"line":78,"column":28}},"loc":{"start":{"line":78,"column":31},"end":{"line":80,"column":1}},"line":78},"6":{"name":"getApiUrl","decl":{"start":{"line":83,"column":16},"end":{"line":83,"column":25}},"loc":{"start":{"line":83,"column":28},"end":{"line":90,"column":1}},"line":83},"7":{"name":"getAppUrl","decl":{"start":{"line":93,"column":16},"end":{"line":93,"column":25}},"loc":{"start":{"line":93,"column":28},"end":{"line":95,"column":1}},"line":93}},"branchMap":{"0":{"loc":{"start":{"line":19,"column":4},"end":{"line":31,"column":5}},"type":"if","locations":[{"start":{"line":19,"column":4},"end":{"line":31,"column":5}},{"start":{"line":21,"column":11},"end":{"line":31,"column":5}}],"line":19},"1":{"loc":{"start":{"line":21,"column":11},"end":{"line":31,"column":5}},"type":"if","locations":[{"start":{"line":21,"column":11},"end":{"line":31,"column":5}},{"start":{"line":29,"column":11},"end":{"line":31,"column":5}}],"line":21},"2":{"loc":{"start":{"line":22,"column":6},"end":{"line":26,"column":45}},"type":"binary-expr","locations":[{"start":{"line":22,"column":6},"end":{"line":22,"column":29}},{"start":{"line":23,"column":6},"end":{"line":23,"column":35}},{"start":{"line":24,"column":6},"end":{"line":24,"column":43}},{"start":{"line":25,"column":6},"end":{"line":25,"column":40}},{"start":{"line":26,"column":6},"end":{"line":26,"column":45}}],"line":22},"3":{"loc":{"start":{"line":34,"column":18},"end":{"line":34,"column":66}},"type":"binary-expr","locations":[{"start":{"line":34,"column":18},"end":{"line":34,"column":38}},{"start":{"line":34,"column":42},"end":{"line":34,"column":66}}],"line":34},"4":{"loc":{"start":{"line":46,"column":6},"end":{"line":48,"column":7}},"type":"if","locations":[{"start":{"line":46,"column":6},"end":{"line":48,"column":7}},{"start":{},"end":{}}],"line":46},"5":{"loc":{"start":{"line":49,"column":6},"end":{"line":51,"column":7}},"type":"if","locations":[{"start":{"line":49,"column":6},"end":{"line":51,"column":7}},{"start":{},"end":{}}],"line":49},"6":{"loc":{"start":{"line":52,"column":6},"end":{"line":54,"column":7}},"type":"if","locations":[{"start":{"line":52,"column":6},"end":{"line":54,"column":7}},{"start":{},"end":{}}],"line":52},"7":{"loc":{"start":{"line":59,"column":13},"end":{"line":62,"column":63}},"type":"binary-expr","locations":[{"start":{"line":59,"column":13},"end":{"line":59,"column":39}},{"start":{"line":60,"column":13},"end":{"line":60,"column":44}},{"start":{"line":61,"column":13},"end":{"line":61,"column":58}},{"start":{"line":62,"column":13},"end":{"line":62,"column":63}}],"line":59},"8":{"loc":{"start":{"line":65,"column":13},"end":{"line":67,"column":70}},"type":"binary-expr","locations":[{"start":{"line":65,"column":13},"end":{"line":65,"column":44}},{"start":{"line":66,"column":13},"end":{"line":66,"column":63}},{"start":{"line":67,"column":13},"end":{"line":67,"column":70}}],"line":65},"9":{"loc":{"start":{"line":74,"column":9},"end":{"line":74,"column":70}},"type":"binary-expr","locations":[{"start":{"line":74,"column":9},"end":{"line":74,"column":28}},{"start":{"line":74,"column":32},"end":{"line":74,"column":70}}],"line":74},"10":{"loc":{"start":{"line":79,"column":9},"end":{"line":79,"column":70}},"type":"binary-expr","locations":[{"start":{"line":79,"column":9},"end":{"line":79,"column":29}},{"start":{"line":79,"column":33},"end":{"line":79,"column":70}}],"line":79},"11":{"loc":{"start":{"line":85,"column":2},"end":{"line":87,"column":3}},"type":"if","locations":[{"start":{"line":85,"column":2},"end":{"line":87,"column":3}},{"start":{},"end":{}}],"line":85},"12":{"loc":{"start":{"line":86,"column":11},"end":{"line":86,"column":45}},"type":"binary-expr","locations":[{"start":{"line":86,"column":11},"end":{"line":86,"column":39}},{"start":{"line":86,"column":43},"end":{"line":86,"column":45}}],"line":86},"13":{"loc":{"start":{"line":89,"column":9},"end":{"line":89,"column":64}},"type":"binary-expr","locations":[{"start":{"line":89,"column":9},"end":{"line":89,"column":37}},{"start":{"line":89,"column":41},"end":{"line":89,"column":64}}],"line":89},"14":{"loc":{"start":{"line":94,"column":9},"end":{"line":94,"column":63}},"type":"binary-expr","locations":[{"start":{"line":94,"column":9},"end":{"line":94,"column":37}},{"start":{"line":94,"column":41},"end":{"line":94,"column":63}}],"line":94}},"s":{"0":0,"1":0,"2":0,"3":0,"4":0,"5":0,"6":0,"7":0,"8":0,"9":0,"10":0,"11":0,"12":0,"13":0,"14":0,"15":0,"16":0,"17":0,"18":0,"19":0,"20":0,"21":0,"22":0,"23":0,"24":0,"25":0,"26":0,"27":0,"28":0},"f":{"0":0,"1":0,"2":0,"3":0,"4":0,"5":0,"6":0,"7":0},"b":{"0":[0,0],"1":[0,0],"2":[0,0,0,0,0],"3":[0,0],"4":[0,0],"5":[0,0],"6":[0,0],"7":[0,0,0,0],"8":[0,0,0],"9":[0,0],"10":[0,0],"11":[0,0],"12":[0,0],"13":[0,0],"14":[0,0]}}
}
