TN:
SF:api/server.js
FN:21,(anonymous_0)
FN:42,(anonymous_1)
FN:104,(anonymous_2)
FN:150,(anonymous_3)
FN:190,(anonymous_4)
FN:201,(anonymous_5)
FN:212,(anonymous_6)
FN:218,(anonymous_7)
FN:235,(anonymous_8)
FN:245,(anonymous_9)
FNF:10
FNH:0
FNDA:0,(anonymous_0)
FNDA:0,(anonymous_1)
FNDA:0,(anonymous_2)
FNDA:0,(anonymous_3)
FNDA:0,(anonymous_4)
FNDA:0,(anonymous_5)
FNDA:0,(anonymous_6)
FNDA:0,(anonymous_7)
FNDA:0,(anonymous_8)
FNDA:0,(anonymous_9)
DA:9,0
DA:10,0
DA:13,0
DA:17,0
DA:18,0
DA:21,0
DA:22,0
DA:28,0
DA:42,0
DA:51,0
DA:53,0
DA:56,0
DA:57,0
DA:58,0
DA:59,0
DA:61,0
DA:85,0
DA:90,0
DA:91,0
DA:96,0
DA:97,0
DA:104,0
DA:105,0
DA:107,0
DA:110,0
DA:111,0
DA:125,0
DA:126,0
DA:127,0
DA:128,0
DA:130,0
DA:132,0
DA:141,0
DA:142,0
DA:146,0
DA:150,0
DA:151,0
DA:153,0
DA:156,0
DA:157,0
DA:158,0
DA:173,0
DA:174,0
DA:176,0
DA:177,0
DA:182,0
DA:190,0
DA:191,0
DA:193,0
DA:195,0
DA:201,0
DA:202,0
DA:204,0
DA:212,0
DA:213,0
DA:214,0
DA:218,0
DA:219,0
DA:235,0
DA:236,0
DA:237,0
DA:245,0
DA:246,0
LF:63
LH:0
BRDA:10,0,0,0
BRDA:10,0,1,0
BRDA:23,1,0,0
BRDA:23,1,1,0
BRDA:31,2,0,0
BRDA:31,2,1,0
BRDA:34,3,0,0
BRDA:34,3,1,0
BRDA:35,4,0,0
BRDA:35,4,1,0
BRDA:36,5,0,0
BRDA:36,5,1,0
BRDA:56,6,0,0
BRDA:56,6,1,0
BRDA:56,7,0,0
BRDA:56,7,1,0
BRDA:75,8,0,0
BRDA:75,8,1,0
BRDA:76,9,0,0
BRDA:76,9,1,0
BRDA:110,10,0,0
BRDA:110,10,1,0
BRDA:125,11,0,0
BRDA:125,11,1,0
BRDA:125,12,0,0
BRDA:125,12,1,0
BRDA:156,13,0,0
BRDA:156,13,1,0
BRDA:156,14,0,0
BRDA:156,14,1,0
BRDA:196,15,0,0
BRDA:196,15,1,0
BRDA:240,16,0,0
BRDA:240,16,1,0
BRDA:252,17,0,0
BRDA:252,17,1,0
BRF:36
BRH:0
end_of_record
TN:
SF:api/stripe.js
FN:11,createCheckoutSession
FN:82,verifyPayment
FN:102,handleStripeWebhook
FN:145,updateBookingStatus
FN:170,createConnectAccount
FN:196,createConnectOnboarding
FNF:6
FNH:0
FNDA:0,createCheckoutSession
FNDA:0,verifyPayment
FNDA:0,handleStripeWebhook
FNDA:0,updateBookingStatus
FNDA:0,createConnectAccount
FNDA:0,createConnectOnboarding
DA:6,0
DA:12,0
DA:13,0
DA:27,0
DA:29,0
DA:30,0
DA:71,0
DA:76,0
DA:77,0
DA:83,0
DA:85,0
DA:86,0
DA:90,0
DA:96,0
DA:97,0
DA:103,0
DA:104,0
DA:108,0
DA:109,0
DA:115,0
DA:116,0
DA:120,0
DA:122,0
DA:124,0
DA:129,0
DA:132,0
DA:134,0
DA:135,0
DA:138,0
DA:141,0
DA:147,0
DA:149,0
DA:154,0
DA:163,0
DA:164,0
DA:165,0
DA:171,0
DA:172,0
DA:175,0
DA:177,0
DA:178,0
DA:188,0
DA:190,0
DA:191,0
DA:197,0
DA:198,0
DA:201,0
DA:203,0
DA:204,0
DA:211,0
DA:213,0
DA:214,0
LF:52
LH:0
BRDA:12,0,0,0
BRDA:12,0,1,0
BRDA:50,1,0,0
BRDA:50,1,1,0
BRDA:120,2,0,0
BRDA:120,2,1,0
BRDA:120,2,2,0
BRDA:145,3,0,0
BRDA:163,4,0,0
BRDA:163,4,1,0
BRDA:171,5,0,0
BRDA:171,5,1,0
BRDA:175,6,0,0
BRDA:197,7,0,0
BRDA:197,7,1,0
BRF:15
BRH:0
end_of_record
TN:
SF:src/components/ScrollToTop.jsx
FN:4,(anonymous_0)
FN:7,(anonymous_1)
FNF:2
FNH:0
FNDA:0,(anonymous_0)
FNDA:0,(anonymous_1)
DA:4,0
DA:5,0
DA:7,0
DA:9,0
DA:12,0
LF:5
LH:0
BRF:0
BRH:0
end_of_record
TN:
SF:src/data/zipCodes.js
FN:167,(anonymous_0)
FN:170,(anonymous_1)
FN:176,(anonymous_2)
FNF:3
FNH:0
FNDA:0,(anonymous_0)
FNDA:0,(anonymous_1)
FNDA:0,(anonymous_2)
DA:3,0
DA:167,0
DA:170,0
DA:171,0
DA:173,0
DA:176,0
DA:177,0
DA:182,0
LF:8
LH:0
BRDA:171,0,0,0
BRDA:171,0,1,0
BRDA:171,1,0,0
BRDA:171,1,1,0
BRDA:177,2,0,0
BRDA:177,2,1,0
BRF:6
BRH:0
end_of_record
TN:
SF:src/hooks/useFullZipDatabase.js
FN:3,(anonymous_0)
FN:10,(anonymous_1)
FN:11,(anonymous_2)
FN:26,(anonymous_3)
FN:49,(anonymous_4)
FN:57,(anonymous_5)
FN:81,(anonymous_6)
FN:84,(anonymous_7)
FN:91,(anonymous_8)
FN:111,(anonymous_9)
FN:125,(anonymous_10)
FN:130,(anonymous_11)
FN:141,(anonymous_12)
FNF:13
FNH:0
FNDA:0,(anonymous_0)
FNDA:0,(anonymous_1)
FNDA:0,(anonymous_2)
FNDA:0,(anonymous_3)
FNDA:0,(anonymous_4)
FNDA:0,(anonymous_5)
FNDA:0,(anonymous_6)
FNDA:0,(anonymous_7)
FNDA:0,(anonymous_8)
FNDA:0,(anonymous_9)
FNDA:0,(anonymous_10)
FNDA:0,(anonymous_11)
FNDA:0,(anonymous_12)
DA:3,0
DA:4,0
DA:5,0
DA:6,0
DA:7,0
DA:10,0
DA:11,0
DA:12,0
DA:13,0
DA:14,0
DA:15,0
DA:16,0
DA:19,0
DA:22,0
DA:26,0
DA:27,0
DA:29,0
DA:30,0
DA:32,0
DA:33,0
DA:34,0
DA:36,0
DA:37,0
DA:38,0
DA:39,0
DA:41,0
DA:42,0
DA:43,0
DA:45,0
DA:49,0
DA:50,0
DA:52,0
DA:53,0
DA:56,0
DA:57,0
DA:58,0
DA:59,0
DA:61,0
DA:66,0
DA:70,0
DA:71,0
DA:72,0
DA:73,0
DA:77,0
DA:79,0
DA:81,0
DA:84,0
DA:85,0
DA:90,0
DA:91,0
DA:92,0
DA:93,0
DA:94,0
DA:101,0
DA:103,0
DA:104,0
DA:108,0
DA:111,0
DA:112,0
DA:113,0
DA:114,0
DA:115,0
DA:116,0
DA:121,0
DA:125,0
DA:126,0
DA:129,0
DA:130,0
DA:131,0
DA:135,0
DA:136,0
DA:137,0
DA:138,0
DA:141,0
DA:144,0
LF:75
LH:0
BRDA:14,0,0,0
BRDA:14,0,1,0
BRDA:27,1,0,0
BRDA:27,1,1,0
BRDA:34,2,0,0
BRDA:34,2,1,0
BRDA:50,3,0,0
BRDA:50,3,1,0
BRDA:50,4,0,0
BRDA:50,4,1,0
BRDA:56,5,0,0
BRDA:56,5,1,0
BRDA:56,6,0,0
BRDA:56,6,1,0
BRDA:58,7,0,0
BRDA:58,7,1,0
BRDA:61,8,0,0
BRDA:61,8,1,0
BRDA:66,9,0,0
BRDA:66,9,1,0
BRDA:71,10,0,0
BRDA:71,10,1,0
BRDA:73,11,0,0
BRDA:73,11,1,0
BRDA:79,12,0,0
BRDA:79,12,1,0
BRDA:85,13,0,0
BRDA:85,13,1,0
BRDA:93,14,0,0
BRDA:93,14,1,0
BRDA:103,15,0,0
BRDA:103,15,1,0
BRDA:114,16,0,0
BRDA:114,16,1,0
BRDA:114,17,0,0
BRDA:114,17,1,0
BRDA:115,18,0,0
BRDA:115,18,1,0
BRDA:115,19,0,0
BRDA:115,19,1,0
BRDA:126,20,0,0
BRDA:126,20,1,0
BRDA:129,21,0,0
BRDA:129,21,1,0
BRDA:131,22,0,0
BRDA:131,22,1,0
BRDA:136,23,0,0
BRDA:136,23,1,0
BRDA:138,24,0,0
BRDA:138,24,1,0
BRF:50
BRH:0
end_of_record
TN:
SF:src/hooks/useZipCodeAPI.js
FN:4,(anonymous_0)
FN:7,(anonymous_1)
FN:39,(anonymous_2)
FN:46,(anonymous_3)
FN:85,(anonymous_4)
FN:90,(anonymous_5)
FN:108,(anonymous_6)
FN:120,(anonymous_7)
FNF:8
FNH:0
FNDA:0,(anonymous_0)
FNDA:0,(anonymous_1)
FNDA:0,(anonymous_2)
FNDA:0,(anonymous_3)
FNDA:0,(anonymous_4)
FNDA:0,(anonymous_5)
FNDA:0,(anonymous_6)
FNDA:0,(anonymous_7)
DA:4,0
DA:5,0
DA:7,0
DA:8,0
DA:10,0
DA:11,0
DA:13,0
DA:14,0
DA:15,0
DA:16,0
DA:17,0
DA:26,0
DA:28,0
DA:29,0
DA:31,0
DA:35,0
DA:39,0
DA:40,0
DA:44,0
DA:46,0
DA:47,0
DA:49,0
DA:50,0
DA:51,0
DA:61,0
DA:62,0
DA:63,0
DA:71,0
DA:73,0
DA:74,0
DA:76,0
DA:80,0
DA:85,0
DA:86,0
DA:87,0
DA:90,0
DA:91,0
DA:93,0
DA:94,0
DA:96,0
DA:97,0
DA:98,0
DA:99,0
DA:101,0
DA:102,0
DA:104,0
DA:108,0
DA:109,0
DA:111,0
DA:112,0
DA:113,0
DA:114,0
DA:117,0
DA:120,0
DA:121,0
DA:125,0
DA:128,0
LF:57
LH:0
BRDA:8,0,0,0
BRDA:8,0,1,0
BRDA:8,1,0,0
BRDA:8,1,1,0
BRDA:13,2,0,0
BRDA:13,2,1,0
BRDA:15,3,0,0
BRDA:15,3,1,0
BRDA:44,4,0,0
BRDA:44,4,1,0
BRDA:47,5,0,0
BRDA:47,5,1,0
BRDA:47,6,0,0
BRDA:47,6,1,0
BRDA:47,6,2,0
BRDA:61,7,0,0
BRDA:61,7,1,0
BRDA:91,8,0,0
BRDA:91,8,1,0
BRDA:109,9,0,0
BRDA:109,9,1,0
BRDA:109,10,0,0
BRDA:109,10,1,0
BRDA:112,11,0,0
BRDA:112,11,1,0
BRDA:114,12,0,0
BRDA:114,12,1,0
BRDA:121,13,0,0
BRDA:121,13,1,0
BRF:29
BRH:0
end_of_record
TN:
SF:src/lib/emailClient.js
FN:15,(anonymous_0)
FN:99,(anonymous_1)
FN:240,(anonymous_2)
FN:356,(anonymous_3)
FN:382,(anonymous_4)
FNF:5
FNH:0
FNDA:0,(anonymous_0)
FNDA:0,(anonymous_1)
FNDA:0,(anonymous_2)
FNDA:0,(anonymous_3)
FNDA:0,(anonymous_4)
DA:15,0
DA:16,0
DA:18,0
DA:48,0
DA:51,0
DA:64,0
DA:69,0
DA:78,0
DA:79,0
DA:81,0
DA:89,0
DA:91,0
DA:92,0
DA:99,0
DA:100,0
DA:101,0
DA:102,0
DA:103,0
DA:105,0
DA:107,0
DA:208,0
DA:234,0
DA:240,0
DA:241,0
DA:242,0
DA:244,0
DA:246,0
DA:324,0
DA:350,0
DA:356,0
DA:357,0
DA:358,0
DA:373,0
DA:375,0
DA:382,0
DA:383,0
DA:384,0
DA:404,0
DA:406,0
DA:408,0
DA:447,0
DA:455,0
DA:456,0
DA:458,0
DA:459,0
LF:45
LH:0
BRDA:48,0,0,0
BRDA:48,0,1,0
BRDA:51,1,0,0
BRDA:51,1,1,0
BRDA:64,2,0,0
BRDA:64,2,1,0
BRDA:78,3,0,0
BRDA:78,3,1,0
BRDA:101,4,0,0
BRDA:101,4,1,0
BRDA:296,5,0,0
BRDA:296,5,1,0
BRDA:373,6,0,0
BRDA:373,6,1,0
BRDA:404,7,0,0
BRDA:404,7,1,0
BRDA:455,8,0,0
BRDA:455,8,1,0
BRF:18
BRH:0
end_of_record
TN:
SF:src/lib/stripe.js
FN:14,(anonymous_0)
FN:36,(anonymous_1)
FN:103,(anonymous_2)
FN:157,(anonymous_3)
FN:173,(anonymous_4)
FN:190,(anonymous_5)
FN:238,(anonymous_6)
FN:261,(anonymous_7)
FN:274,(anonymous_8)
FN:300,(anonymous_9)
FN:324,(anonymous_10)
FN:343,(anonymous_11)
FN:367,(anonymous_12)
FNF:13
FNH:0
FNDA:0,(anonymous_0)
FNDA:0,(anonymous_1)
FNDA:0,(anonymous_2)
FNDA:0,(anonymous_3)
FNDA:0,(anonymous_4)
FNDA:0,(anonymous_5)
FNDA:0,(anonymous_6)
FNDA:0,(anonymous_7)
FNDA:0,(anonymous_8)
FNDA:0,(anonymous_9)
FNDA:0,(anonymous_10)
FNDA:0,(anonymous_11)
FNDA:0,(anonymous_12)
DA:5,0
DA:8,0
DA:14,0
DA:15,0
DA:16,0
DA:17,0
DA:18,0
DA:19,0
DA:20,0
DA:23,0
DA:24,0
DA:26,0
DA:30,0
DA:33,0
DA:36,0
DA:37,0
DA:38,0
DA:39,0
DA:41,0
DA:42,0
DA:43,0
DA:45,0
DA:47,0
DA:67,0
DA:69,0
DA:77,0
DA:79,0
DA:80,0
DA:81,0
DA:90,0
DA:93,0
DA:103,0
DA:104,0
DA:105,0
DA:117,0
DA:119,0
DA:120,0
DA:143,0
DA:145,0
DA:146,0
DA:149,0
DA:151,0
DA:152,0
DA:157,0
DA:158,0
DA:160,0
DA:161,0
DA:164,0
DA:166,0
DA:167,0
DA:168,0
DA:173,0
DA:174,0
DA:175,0
DA:176,0
DA:178,0
DA:179,0
DA:182,0
DA:184,0
DA:185,0
DA:190,0
DA:191,0
DA:198,0
DA:237,0
DA:239,0
DA:240,0
DA:251,0
DA:252,0
DA:254,0
DA:256,0
DA:257,0
DA:262,0
DA:263,0
DA:264,0
DA:266,0
DA:267,0
DA:269,0
DA:270,0
DA:275,0
DA:276,0
DA:287,0
DA:288,0
DA:290,0
DA:292,0
DA:293,0
DA:299,0
DA:301,0
DA:302,0
DA:314,0
DA:315,0
DA:317,0
DA:319,0
DA:320,0
DA:325,0
DA:326,0
DA:330,0
DA:331,0
DA:333,0
DA:335,0
DA:336,0
DA:342,0
DA:344,0
DA:345,0
DA:357,0
DA:358,0
DA:360,0
DA:362,0
DA:363,0
DA:368,0
DA:369,0
DA:377,0
DA:378,0
DA:380,0
DA:382,0
DA:383,0
LF:115
LH:0
BRDA:8,0,0,0
BRDA:8,0,1,0
BRDA:8,0,2,0
BRDA:15,1,0,0
BRDA:15,1,1,0
BRDA:23,2,0,0
BRDA:23,2,1,0
BRDA:45,3,0,0
BRDA:45,3,1,0
BRDA:67,4,0,0
BRDA:67,4,1,0
BRDA:77,5,0,0
BRDA:77,5,1,0
BRDA:104,6,0,0
BRDA:104,6,1,0
BRDA:116,7,0,0
BRDA:145,8,0,0
BRDA:145,8,1,0
BRDA:160,9,0,0
BRDA:160,9,1,0
BRDA:166,10,0,0
BRDA:166,10,1,0
BRDA:178,11,0,0
BRDA:178,11,1,0
BRDA:252,12,0,0
BRDA:252,12,1,0
BRDA:266,13,0,0
BRDA:266,13,1,0
BRDA:267,14,0,0
BRDA:267,14,1,0
BRDA:288,15,0,0
BRDA:288,15,1,0
BRDA:300,16,0,0
BRDA:315,17,0,0
BRDA:315,17,1,0
BRDA:331,18,0,0
BRDA:331,18,1,0
BRDA:358,19,0,0
BRDA:358,19,1,0
BRDA:378,20,0,0
BRDA:378,20,1,0
BRF:41
BRH:0
end_of_record
TN:
SF:src/lib/supabase.js
FN:13,(anonymous_0)
FN:22,(anonymous_1)
FN:23,(anonymous_2)
FN:24,(anonymous_3)
FN:25,(anonymous_4)
FN:26,(anonymous_5)
FN:27,(anonymous_6)
FN:28,(anonymous_7)
FN:29,(anonymous_8)
FN:32,(anonymous_9)
FN:33,(anonymous_10)
FN:35,(anonymous_11)
FN:36,(anonymous_12)
FN:37,(anonymous_13)
FN:38,(anonymous_14)
FN:39,(anonymous_15)
FN:41,(anonymous_16)
FN:42,(anonymous_17)
FN:43,(anonymous_18)
FN:45,(anonymous_19)
FN:46,(anonymous_20)
FN:47,(anonymous_21)
FN:50,(anonymous_22)
FN:51,(anonymous_23)
FN:52,(anonymous_24)
FN:53,(anonymous_25)
FN:57,(anonymous_26)
FN:58,(anonymous_27)
FN:60,(anonymous_28)
FN:61,(anonymous_29)
FN:62,(anonymous_30)
FN:67,(anonymous_31)
FN:68,(anonymous_32)
FN:69,(anonymous_33)
FN:70,(anonymous_34)
FN:73,(anonymous_35)
FN:74,(anonymous_36)
FN:74,(anonymous_37)
FN:74,(anonymous_38)
FN:99,(anonymous_39)
FN:115,(anonymous_40)
FN:135,(anonymous_41)
FN:152,(anonymous_42)
FN:173,(anonymous_43)
FN:217,(anonymous_44)
FN:234,(anonymous_45)
FN:256,(anonymous_46)
FN:278,(anonymous_47)
FN:291,(anonymous_48)
FN:312,(anonymous_49)
FN:348,(anonymous_50)
FN:370,(anonymous_51)
FN:383,(anonymous_52)
FN:402,(anonymous_53)
FN:407,(anonymous_54)
FN:417,(anonymous_55)
FN:431,(anonymous_56)
FN:443,(anonymous_57)
FN:458,(anonymous_58)
FN:483,(anonymous_59)
FN:508,(anonymous_60)
FN:534,(anonymous_61)
FN:537,(anonymous_62)
FN:555,(anonymous_63)
FN:558,(anonymous_64)
FNF:65
FNH:0
FNDA:0,(anonymous_0)
FNDA:0,(anonymous_1)
FNDA:0,(anonymous_2)
FNDA:0,(anonymous_3)
FNDA:0,(anonymous_4)
FNDA:0,(anonymous_5)
FNDA:0,(anonymous_6)
FNDA:0,(anonymous_7)
FNDA:0,(anonymous_8)
FNDA:0,(anonymous_9)
FNDA:0,(anonymous_10)
FNDA:0,(anonymous_11)
FNDA:0,(anonymous_12)
FNDA:0,(anonymous_13)
FNDA:0,(anonymous_14)
FNDA:0,(anonymous_15)
FNDA:0,(anonymous_16)
FNDA:0,(anonymous_17)
FNDA:0,(anonymous_18)
FNDA:0,(anonymous_19)
FNDA:0,(anonymous_20)
FNDA:0,(anonymous_21)
FNDA:0,(anonymous_22)
FNDA:0,(anonymous_23)
FNDA:0,(anonymous_24)
FNDA:0,(anonymous_25)
FNDA:0,(anonymous_26)
FNDA:0,(anonymous_27)
FNDA:0,(anonymous_28)
FNDA:0,(anonymous_29)
FNDA:0,(anonymous_30)
FNDA:0,(anonymous_31)
FNDA:0,(anonymous_32)
FNDA:0,(anonymous_33)
FNDA:0,(anonymous_34)
FNDA:0,(anonymous_35)
FNDA:0,(anonymous_36)
FNDA:0,(anonymous_37)
FNDA:0,(anonymous_38)
FNDA:0,(anonymous_39)
FNDA:0,(anonymous_40)
FNDA:0,(anonymous_41)
FNDA:0,(anonymous_42)
FNDA:0,(anonymous_43)
FNDA:0,(anonymous_44)
FNDA:0,(anonymous_45)
FNDA:0,(anonymous_46)
FNDA:0,(anonymous_47)
FNDA:0,(anonymous_48)
FNDA:0,(anonymous_49)
FNDA:0,(anonymous_50)
FNDA:0,(anonymous_51)
FNDA:0,(anonymous_52)
FNDA:0,(anonymous_53)
FNDA:0,(anonymous_54)
FNDA:0,(anonymous_55)
FNDA:0,(anonymous_56)
FNDA:0,(anonymous_57)
FNDA:0,(anonymous_58)
FNDA:0,(anonymous_59)
FNDA:0,(anonymous_60)
FNDA:0,(anonymous_61)
FNDA:0,(anonymous_62)
FNDA:0,(anonymous_63)
FNDA:0,(anonymous_64)
DA:3,0
DA:4,0
DA:7,0
DA:13,0
DA:14,0
DA:15,0
DA:16,0
DA:17,0
DA:20,0
DA:22,0
DA:23,0
DA:24,0
DA:25,0
DA:26,0
DA:27,0
DA:28,0
DA:32,0
DA:33,0
DA:35,0
DA:36,0
DA:37,0
DA:38,0
DA:39,0
DA:41,0
DA:42,0
DA:43,0
DA:45,0
DA:46,0
DA:47,0
DA:50,0
DA:51,0
DA:52,0
DA:53,0
DA:57,0
DA:58,0
DA:60,0
DA:61,0
DA:62,0
DA:67,0
DA:68,0
DA:69,0
DA:70,0
DA:73,0
DA:74,0
DA:80,0
DA:93,0
DA:96,0
DA:100,0
DA:101,0
DA:102,0
DA:105,0
DA:111,0
DA:112,0
DA:116,0
DA:117,0
DA:118,0
DA:121,0
DA:128,0
DA:129,0
DA:136,0
DA:138,0
DA:148,0
DA:149,0
DA:153,0
DA:155,0
DA:169,0
DA:170,0
DA:174,0
DA:176,0
DA:186,0
DA:188,0
DA:192,0
DA:193,0
DA:196,0
DA:197,0
DA:200,0
DA:201,0
DA:204,0
DA:205,0
DA:209,0
DA:211,0
DA:213,0
DA:214,0
DA:218,0
DA:220,0
DA:227,0
DA:228,0
DA:235,0
DA:237,0
DA:242,0
DA:243,0
DA:246,0
DA:247,0
DA:250,0
DA:252,0
DA:253,0
DA:257,0
DA:259,0
DA:271,0
DA:272,0
DA:279,0
DA:281,0
DA:287,0
DA:288,0
DA:292,0
DA:294,0
DA:308,0
DA:309,0
DA:313,0
DA:315,0
DA:327,0
DA:328,0
DA:331,0
DA:337,0
DA:338,0
DA:342,0
DA:344,0
DA:345,0
DA:349,0
DA:351,0
DA:356,0
DA:363,0
DA:364,0
DA:371,0
DA:373,0
DA:379,0
DA:380,0
DA:384,0
DA:386,0
DA:395,0
DA:396,0
DA:403,0
DA:405,0
DA:407,0
DA:413,0
DA:414,0
DA:418,0
DA:420,0
DA:425,0
DA:432,0
DA:434,0
DA:439,0
DA:440,0
DA:444,0
DA:446,0
DA:454,0
DA:455,0
DA:459,0
DA:461,0
DA:475,0
DA:476,0
DA:482,0
DA:484,0
DA:485,0
DA:486,0
DA:489,0
DA:490,0
DA:491,0
DA:493,0
DA:499,0
DA:501,0
DA:505,0
DA:509,0
DA:510,0
DA:511,0
DA:514,0
DA:515,0
DA:516,0
DA:518,0
DA:522,0
DA:524,0
DA:528,0
DA:533,0
DA:535,0
DA:536,0
DA:537,0
DA:540,0
DA:556,0
DA:557,0
DA:558,0
DA:561,0
LF:181
LH:0
BRDA:7,0,0,0
BRDA:7,0,1,0
BRDA:7,0,2,0
BRDA:7,0,3,0
BRDA:80,1,0,0
BRDA:80,1,1,0
BRDA:100,2,0,0
BRDA:100,2,1,0
BRDA:111,3,0,0
BRDA:111,3,1,0
BRDA:116,4,0,0
BRDA:116,4,1,0
BRDA:128,5,0,0
BRDA:128,5,1,0
BRDA:136,6,0,0
BRDA:136,6,1,0
BRDA:148,7,0,0
BRDA:148,7,1,0
BRDA:153,8,0,0
BRDA:153,8,1,0
BRDA:169,9,0,0
BRDA:169,9,1,0
BRDA:173,10,0,0
BRDA:174,11,0,0
BRDA:174,11,1,0
BRDA:186,12,0,0
BRDA:186,12,1,0
BRDA:192,13,0,0
BRDA:192,13,1,0
BRDA:196,14,0,0
BRDA:196,14,1,0
BRDA:200,15,0,0
BRDA:200,15,1,0
BRDA:200,16,0,0
BRDA:200,16,1,0
BRDA:204,17,0,0
BRDA:204,17,1,0
BRDA:204,18,0,0
BRDA:204,18,1,0
BRDA:213,19,0,0
BRDA:213,19,1,0
BRDA:218,20,0,0
BRDA:218,20,1,0
BRDA:227,21,0,0
BRDA:227,21,1,0
BRDA:235,22,0,0
BRDA:235,22,1,0
BRDA:242,23,0,0
BRDA:242,23,1,0
BRDA:246,24,0,0
BRDA:246,24,1,0
BRDA:252,25,0,0
BRDA:252,25,1,0
BRDA:257,26,0,0
BRDA:257,26,1,0
BRDA:271,27,0,0
BRDA:271,27,1,0
BRDA:279,28,0,0
BRDA:279,28,1,0
BRDA:287,29,0,0
BRDA:287,29,1,0
BRDA:292,30,0,0
BRDA:292,30,1,0
BRDA:308,31,0,0
BRDA:308,31,1,0
BRDA:312,32,0,0
BRDA:313,33,0,0
BRDA:313,33,1,0
BRDA:327,34,0,0
BRDA:327,34,1,0
BRDA:337,35,0,0
BRDA:337,35,1,0
BRDA:344,36,0,0
BRDA:344,36,1,0
BRDA:348,37,0,0
BRDA:349,38,0,0
BRDA:349,38,1,0
BRDA:363,39,0,0
BRDA:363,39,1,0
BRDA:371,40,0,0
BRDA:371,40,1,0
BRDA:379,41,0,0
BRDA:379,41,1,0
BRDA:384,42,0,0
BRDA:384,42,1,0
BRDA:395,43,0,0
BRDA:395,43,1,0
BRDA:403,44,0,0
BRDA:403,44,1,0
BRDA:413,45,0,0
BRDA:413,45,1,0
BRDA:418,46,0,0
BRDA:418,46,1,0
BRDA:425,47,0,0
BRDA:425,47,1,0
BRDA:432,48,0,0
BRDA:432,48,1,0
BRDA:439,49,0,0
BRDA:439,49,1,0
BRDA:444,50,0,0
BRDA:444,50,1,0
BRDA:454,51,0,0
BRDA:454,51,1,0
BRDA:458,52,0,0
BRDA:459,53,0,0
BRDA:459,53,1,0
BRDA:475,54,0,0
BRDA:475,54,1,0
BRDA:484,55,0,0
BRDA:484,55,1,0
BRDA:499,56,0,0
BRDA:499,56,1,0
BRDA:509,57,0,0
BRDA:509,57,1,0
BRDA:522,58,0,0
BRDA:522,58,1,0
BRDA:535,59,0,0
BRDA:535,59,1,0
BRDA:556,60,0,0
BRDA:556,60,1,0
BRF:120
BRH:0
end_of_record
TN:
SF:src/lib/utils.js
FN:4,cn
FNF:1
FNH:0
FNDA:0,cn
DA:5,0
LF:1
LH:0
BRF:0
BRH:0
end_of_record
TN:
SF:src/utils/imageOptimizer.js
FN:12,(anonymous_0)
FN:72,(anonymous_1)
FN:73,(anonymous_2)
FN:75,(anonymous_3)
FN:86,(anonymous_4)
FN:95,(anonymous_5)
FN:96,(anonymous_6)
FN:98,(anonymous_7)
FN:109,(anonymous_8)
FN:110,(anonymous_9)
FN:113,(anonymous_10)
FN:114,(anonymous_11)
FN:124,(anonymous_12)
FN:132,(anonymous_13)
FN:135,(anonymous_14)
FN:138,(anonymous_15)
FN:163,(anonymous_16)
FN:180,(anonymous_17)
FN:193,(anonymous_18)
FN:196,(anonymous_19)
FN:197,(anonymous_20)
FN:210,(anonymous_21)
FN:221,(anonymous_22)
FN:223,(anonymous_23)
FN:232,(anonymous_24)
FN:242,(anonymous_25)
FN:244,(anonymous_26)
FN:245,(anonymous_27)
FNF:28
FNH:0
FNDA:0,(anonymous_0)
FNDA:0,(anonymous_1)
FNDA:0,(anonymous_2)
FNDA:0,(anonymous_3)
FNDA:0,(anonymous_4)
FNDA:0,(anonymous_5)
FNDA:0,(anonymous_6)
FNDA:0,(anonymous_7)
FNDA:0,(anonymous_8)
FNDA:0,(anonymous_9)
FNDA:0,(anonymous_10)
FNDA:0,(anonymous_11)
FNDA:0,(anonymous_12)
FNDA:0,(anonymous_13)
FNDA:0,(anonymous_14)
FNDA:0,(anonymous_15)
FNDA:0,(anonymous_16)
FNDA:0,(anonymous_17)
FNDA:0,(anonymous_18)
FNDA:0,(anonymous_19)
FNDA:0,(anonymous_20)
FNDA:0,(anonymous_21)
FNDA:0,(anonymous_22)
FNDA:0,(anonymous_23)
FNDA:0,(anonymous_24)
FNDA:0,(anonymous_25)
FNDA:0,(anonymous_26)
FNDA:0,(anonymous_27)
DA:12,0
DA:19,0
DA:21,0
DA:24,0
DA:25,0
DA:26,0
DA:27,0
DA:28,0
DA:30,0
DA:31,0
DA:35,0
DA:36,0
DA:37,0
DA:38,0
DA:39,0
DA:40,0
DA:41,0
DA:43,0
DA:44,0
DA:48,0
DA:49,0
DA:50,0
DA:51,0
DA:52,0
DA:53,0
DA:54,0
DA:57,0
DA:58,0
DA:59,0
DA:64,0
DA:72,0
DA:73,0
DA:74,0
DA:75,0
DA:76,0
DA:77,0
DA:86,0
DA:87,0
DA:95,0
DA:96,0
DA:97,0
DA:98,0
DA:99,0
DA:100,0
DA:109,0
DA:110,0
DA:111,0
DA:112,0
DA:113,0
DA:114,0
DA:124,0
DA:130,0
DA:132,0
DA:133,0
DA:134,0
DA:135,0
DA:136,0
DA:137,0
DA:138,0
DA:139,0
DA:140,0
DA:141,0
DA:144,0
DA:145,0
DA:146,0
DA:147,0
DA:150,0
DA:151,0
DA:152,0
DA:156,0
DA:157,0
DA:159,0
DA:160,0
DA:162,0
DA:163,0
DA:168,0
DA:170,0
DA:180,0
DA:181,0
DA:193,0
DA:194,0
DA:196,0
DA:197,0
DA:198,0
DA:199,0
DA:200,0
DA:201,0
DA:202,0
DA:210,0
DA:212,0
DA:221,0
DA:222,0
DA:223,0
DA:232,0
DA:233,0
DA:240,0
DA:242,0
DA:243,0
DA:244,0
DA:245,0
DA:246,0
LF:101
LH:0
BRDA:12,0,0,0
BRDA:14,1,0,0
BRDA:15,2,0,0
BRDA:16,3,0,0
BRDA:17,4,0,0
BRDA:18,5,0,0
BRDA:21,6,0,0
BRDA:21,6,1,0
BRDA:24,7,0,0
BRDA:24,7,1,0
BRDA:26,8,0,0
BRDA:26,8,1,0
BRDA:27,9,0,0
BRDA:27,9,1,0
BRDA:28,10,0,0
BRDA:28,10,1,0
BRDA:30,11,0,0
BRDA:30,11,1,0
BRDA:35,12,0,0
BRDA:35,12,1,0
BRDA:37,13,0,0
BRDA:37,13,1,0
BRDA:38,14,0,0
BRDA:38,14,1,0
BRDA:43,15,0,0
BRDA:43,15,1,0
BRDA:48,16,0,0
BRDA:48,16,1,0
BRDA:50,17,0,0
BRDA:50,17,1,0
BRDA:51,18,0,0
BRDA:51,18,1,0
BRDA:58,19,0,0
BRDA:58,19,1,0
BRDA:124,20,0,0
BRDA:126,21,0,0
BRDA:127,22,0,0
BRDA:128,23,0,0
BRDA:129,24,0,0
BRDA:144,25,0,0
BRDA:144,25,1,0
BRDA:145,26,0,0
BRDA:145,26,1,0
BRDA:150,27,0,0
BRDA:150,27,1,0
BRDA:180,28,0,0
BRDA:193,29,0,0
BRDA:198,30,0,0
BRDA:198,30,1,0
BRDA:221,31,0,0
BRDA:240,32,0,0
BRDA:240,32,1,0
BRF:52
BRH:0
end_of_record
TN:
SF:src/utils/monitoring.js
FN:9,(anonymous_0)
FN:19,(anonymous_1)
FN:43,(anonymous_2)
FN:71,(anonymous_3)
FN:100,(anonymous_4)
FN:132,(anonymous_5)
FN:166,(anonymous_6)
FN:185,(anonymous_7)
FN:193,(anonymous_8)
FN:201,(anonymous_9)
FN:226,(anonymous_10)
FN:236,(anonymous_11)
FN:252,(anonymous_12)
FNF:13
FNH:0
FNDA:0,(anonymous_0)
FNDA:0,(anonymous_1)
FNDA:0,(anonymous_2)
FNDA:0,(anonymous_3)
FNDA:0,(anonymous_4)
FNDA:0,(anonymous_5)
FNDA:0,(anonymous_6)
FNDA:0,(anonymous_7)
FNDA:0,(anonymous_8)
FNDA:0,(anonymous_9)
FNDA:0,(anonymous_10)
FNDA:0,(anonymous_11)
FNDA:0,(anonymous_12)
DA:9,0
DA:10,0
DA:11,0
DA:19,0
DA:21,0
DA:22,0
DA:23,0
DA:27,0
DA:28,0
DA:43,0
DA:45,0
DA:46,0
DA:47,0
DA:51,0
DA:52,0
DA:56,0
DA:57,0
DA:61,0
DA:62,0
DA:71,0
DA:73,0
DA:74,0
DA:75,0
DA:79,0
DA:80,0
DA:87,0
DA:88,0
DA:100,0
DA:101,0
DA:102,0
DA:103,0
DA:107,0
DA:108,0
DA:109,0
DA:113,0
DA:114,0
DA:118,0
DA:119,0
DA:132,0
DA:133,0
DA:140,0
DA:141,0
DA:150,0
DA:151,0
DA:166,0
DA:167,0
DA:168,0
DA:169,0
DA:173,0
DA:174,0
DA:185,0
DA:186,0
DA:187,0
DA:188,0
DA:192,0
DA:193,0
DA:194,0
DA:203,0
DA:204,0
DA:206,0
DA:207,0
DA:210,0
DA:213,0
DA:214,0
DA:219,0
DA:220,0
DA:221,0
DA:222,0
DA:223,0
DA:225,0
DA:226,0
DA:227,0
DA:228,0
DA:229,0
DA:236,0
DA:237,0
DA:240,0
DA:241,0
DA:243,0
DA:244,0
DA:245,0
DA:246,0
DA:251,0
DA:252,0
DA:253,0
DA:254,0
DA:255,0
DA:260,0
DA:261,0
LF:89
LH:0
BRDA:11,0,0,0
BRDA:11,0,1,0
BRDA:19,1,0,0
BRDA:21,2,0,0
BRDA:21,2,1,0
BRDA:27,3,0,0
BRDA:27,3,1,0
BRDA:27,4,0,0
BRDA:27,4,1,0
BRDA:32,5,0,0
BRDA:32,5,1,0
BRDA:43,6,0,0
BRDA:45,7,0,0
BRDA:45,7,1,0
BRDA:51,8,0,0
BRDA:51,8,1,0
BRDA:56,9,0,0
BRDA:56,9,1,0
BRDA:61,10,0,0
BRDA:61,10,1,0
BRDA:73,11,0,0
BRDA:73,11,1,0
BRDA:79,12,0,0
BRDA:79,12,1,0
BRDA:87,13,0,0
BRDA:87,13,1,0
BRDA:100,14,0,0
BRDA:101,15,0,0
BRDA:101,15,1,0
BRDA:107,16,0,0
BRDA:107,16,1,0
BRDA:113,17,0,0
BRDA:113,17,1,0
BRDA:118,18,0,0
BRDA:118,18,1,0
BRDA:132,19,0,0
BRDA:140,20,0,0
BRDA:140,20,1,0
BRDA:150,21,0,0
BRDA:150,21,1,0
BRDA:167,22,0,0
BRDA:167,22,1,0
BRDA:173,23,0,0
BRDA:173,23,1,0
BRDA:186,24,0,0
BRDA:186,24,1,0
BRDA:192,25,0,0
BRDA:192,25,1,0
BRDA:203,26,0,0
BRDA:203,26,1,0
BRDA:206,27,0,0
BRDA:206,27,1,0
BRDA:219,28,0,0
BRDA:219,28,1,0
BRDA:225,29,0,0
BRDA:225,29,1,0
BRDA:237,30,0,0
BRDA:237,30,1,0
BRDA:240,31,0,0
BRDA:240,31,1,0
BRDA:240,32,0,0
BRDA:240,32,1,0
BRDA:243,33,0,0
BRDA:243,33,1,0
BRDA:251,34,0,0
BRDA:251,34,1,0
BRDA:254,35,0,0
BRDA:254,35,1,0
BRF:68
BRH:0
end_of_record
TN:
SF:src/utils/performance.js
FN:10,(anonymous_0)
FN:15,(anonymous_1)
FN:30,(anonymous_2)
FN:76,(anonymous_3)
FN:87,(anonymous_4)
FN:99,(anonymous_5)
FN:114,(anonymous_6)
FN:121,(anonymous_7)
FN:122,(anonymous_8)
FN:131,(anonymous_9)
FN:135,(anonymous_10)
FN:152,(anonymous_11)
FN:155,executedFunction
FN:156,(anonymous_13)
FN:171,(anonymous_14)
FN:174,(anonymous_15)
FN:178,(anonymous_16)
FN:188,(anonymous_17)
FN:202,(anonymous_18)
FNF:19
FNH:0
FNDA:0,(anonymous_0)
FNDA:0,(anonymous_1)
FNDA:0,(anonymous_2)
FNDA:0,(anonymous_3)
FNDA:0,(anonymous_4)
FNDA:0,(anonymous_5)
FNDA:0,(anonymous_6)
FNDA:0,(anonymous_7)
FNDA:0,(anonymous_8)
FNDA:0,(anonymous_9)
FNDA:0,(anonymous_10)
FNDA:0,(anonymous_11)
FNDA:0,executedFunction
FNDA:0,(anonymous_13)
FNDA:0,(anonymous_14)
FNDA:0,(anonymous_15)
FNDA:0,(anonymous_16)
FNDA:0,(anonymous_17)
FNDA:0,(anonymous_18)
DA:10,0
DA:11,0
DA:13,0
DA:15,0
DA:16,0
DA:17,0
DA:19,0
DA:20,0
DA:30,0
DA:31,0
DA:33,0
DA:34,0
DA:35,0
DA:38,0
DA:39,0
DA:43,0
DA:44,0
DA:52,0
DA:54,0
DA:56,0
DA:59,0
DA:60,0
DA:69,0
DA:76,0
DA:77,0
DA:80,0
DA:87,0
DA:88,0
DA:90,0
DA:91,0
DA:92,0
DA:93,0
DA:97,0
DA:98,0
DA:99,0
DA:100,0
DA:101,0
DA:102,0
DA:107,0
DA:114,0
DA:115,0
DA:117,0
DA:120,0
DA:121,0
DA:122,0
DA:124,0
DA:125,0
DA:126,0
DA:127,0
DA:130,0
DA:131,0
DA:134,0
DA:135,0
DA:136,0
DA:140,0
DA:143,0
DA:144,0
DA:152,0
DA:155,0
DA:156,0
DA:157,0
DA:158,0
DA:161,0
DA:162,0
DA:171,0
DA:174,0
DA:175,0
DA:176,0
DA:177,0
DA:178,0
DA:188,0
DA:189,0
DA:191,0
DA:202,0
DA:203,0
DA:205,0
DA:206,0
DA:207,0
DA:208,0
DA:210,0
DA:211,0
DA:212,0
DA:213,0
DA:216,0
DA:223,0
LF:85
LH:0
BRDA:11,0,0,0
BRDA:11,0,1,0
BRDA:19,1,0,0
BRDA:19,1,1,0
BRDA:38,2,0,0
BRDA:38,2,1,0
BRDA:43,3,0,0
BRDA:43,3,1,0
BRDA:59,4,0,0
BRDA:59,4,1,0
BRDA:77,5,0,0
BRDA:77,5,1,0
BRDA:97,6,0,0
BRDA:97,6,1,0
BRDA:101,7,0,0
BRDA:101,7,1,0
BRDA:120,8,0,0
BRDA:120,8,1,0
BRDA:152,9,0,0
BRDA:171,10,0,0
BRDA:175,11,0,0
BRDA:175,11,1,0
BRDA:192,12,0,0
BRDA:192,12,1,0
BRDA:192,12,2,0
BRDA:192,12,3,0
BRDA:194,13,0,0
BRDA:194,13,1,0
BRDA:195,14,0,0
BRDA:195,14,1,0
BRDA:203,15,0,0
BRDA:203,15,1,0
BRDA:205,16,0,0
BRDA:205,16,1,0
BRDA:210,17,0,0
BRDA:210,17,1,0
BRDA:212,18,0,0
BRDA:212,18,1,0
BRF:38
BRH:0
end_of_record
TN:
SF:src/utils/validateEnv.js
FN:6,validateEnvironment
FN:45,(anonymous_1)
FN:58,(anonymous_2)
FN:64,(anonymous_3)
FN:73,isDevelopment
FN:78,isProduction
FN:83,getApiUrl
FN:93,getAppUrl
FNF:8
FNH:0
FNDA:0,validateEnvironment
FNDA:0,(anonymous_1)
FNDA:0,(anonymous_2)
FNDA:0,(anonymous_3)
FNDA:0,isDevelopment
FNDA:0,isProduction
FNDA:0,getApiUrl
FNDA:0,getAppUrl
DA:7,0
DA:14,0
DA:15,0
DA:16,0
DA:18,0
DA:19,0
DA:20,0
DA:21,0
DA:28,0
DA:30,0
DA:34,0
DA:35,0
DA:37,0
DA:46,0
DA:47,0
DA:49,0
DA:50,0
DA:52,0
DA:53,0
DA:55,0
DA:59,0
DA:65,0
DA:74,0
DA:79,0
DA:85,0
DA:86,0
DA:89,0
DA:94,0
DA:98,0
LF:29
LH:0
BRDA:19,0,0,0
BRDA:19,0,1,0
BRDA:21,1,0,0
BRDA:21,1,1,0
BRDA:22,2,0,0
BRDA:22,2,1,0
BRDA:22,2,2,0
BRDA:22,2,3,0
BRDA:22,2,4,0
BRDA:34,3,0,0
BRDA:34,3,1,0
BRDA:46,4,0,0
BRDA:46,4,1,0
BRDA:49,5,0,0
BRDA:49,5,1,0
BRDA:52,6,0,0
BRDA:52,6,1,0
BRDA:59,7,0,0
BRDA:59,7,1,0
BRDA:59,7,2,0
BRDA:59,7,3,0
BRDA:65,8,0,0
BRDA:65,8,1,0
BRDA:65,8,2,0
BRDA:74,9,0,0
BRDA:74,9,1,0
BRDA:79,10,0,0
BRDA:79,10,1,0
BRDA:85,11,0,0
BRDA:85,11,1,0
BRDA:86,12,0,0
BRDA:86,12,1,0
BRDA:89,13,0,0
BRDA:89,13,1,0
BRDA:94,14,0,0
BRDA:94,14,1,0
BRF:36
BRH:0
end_of_record
